2021-08-17 10:11:25:705 [Appium] Welcome to Appium v1.21.0
2021-08-17 10:11:25:706 [Appium] Non-default server args:
2021-08-17 10:11:25:706 [Appium]   address: 127.0.0.1
2021-08-17 10:11:25:706 [Appium]   port: 7512
2021-08-17 10:11:25:706 [Appium]   logFile: ./logs/Pixel_appium.log
2021-08-17 10:11:25:727 [Appium] Appium REST http interface listener started on 127.0.0.1:7512
2021-08-17 10:11:26:017 [HTTP] --> HEAD /wd/hub/status
2021-08-17 10:11:26:017 [HTTP] {}
2021-08-17 10:11:26:018 [GENERIC] Calling AppiumDriver.getStatus() with args: []
2021-08-17 10:11:26:019 [GENERIC] Responding to client with driver.getStatus() result: {"build":{"version":"1.21.0"}}
2021-08-17 10:11:26:023 [HTTP] <-- HEAD /wd/hub/status 200 5 ms - 68
2021-08-17 10:11:26:023 [HTTP] 
2021-08-17 10:11:26:026 [HTTP] Request idempotency key: c89f9192-9ccd-406f-b7de-36b9d2a7890a
2021-08-17 10:11:26:036 [HTTP] --> POST /wd/hub/session
2021-08-17 10:11:26:036 [HTTP] {"capabilities":{"firstMatch":[{"appium:app":"app/General-Store.apk","platformName":"Android","appium:udid":"emulator-5556","appium:deviceName":"Pixel","appium:systemPort":8202}]},"desiredCapabilities":{"app":"app/General-Store.apk","platformName":"Android","udid":"emulator-5556","deviceName":"Pixel","systemPort":8202}}
2021-08-17 10:11:26:037 [W3C] Calling AppiumDriver.createSession() with args: [{"app":"app/General-Store.apk","platformName":"Android","udid":"emulator-5556","deviceName":"Pixel","systemPort":8202},null,{"firstMatch":[{"appium:app":"app/General-Store.apk","platformName":"Android","appium:udid":"emulator-5556","appium:deviceName":"Pixel","appium:systemPort":8202}]}]
2021-08-17 10:11:26:037 [BaseDriver] Event 'newSessionRequested' logged at 1629195086037 (15:41:26 GMT+0530 (India Standard Time))
2021-08-17 10:11:26:042 [Appium] 
2021-08-17 10:11:26:043 [Appium] ======================================================================
2021-08-17 10:11:26:043 [Appium]   DEPRECATION WARNING:
2021-08-17 10:11:26:043 [Appium] 
2021-08-17 10:11:26:043 [Appium]   The 'automationName' capability was not provided in the desired 
2021-08-17 10:11:26:043 [Appium]   capabilities for this Android session
2021-08-17 10:11:26:043 [Appium] 
2021-08-17 10:11:26:043 [Appium]   Setting 'automationName=UiAutomator2' by default and using the 
2021-08-17 10:11:26:043 [Appium]   UiAutomator2 Driver
2021-08-17 10:11:26:043 [Appium] 
2021-08-17 10:11:26:043 [Appium]   The next major version of Appium (2.x) will **require** the 
2021-08-17 10:11:26:044 [Appium]   'automationName' capability to be set for all sessions on all 
2021-08-17 10:11:26:044 [Appium]   platforms
2021-08-17 10:11:26:044 [Appium] 
2021-08-17 10:11:26:044 [Appium]   In previous versions (Appium <= 1.13.x), the default was 
2021-08-17 10:11:26:044 [Appium]   'automationName=UiAutomator1'
2021-08-17 10:11:26:044 [Appium] 
2021-08-17 10:11:26:044 [Appium]   If you wish to use that automation instead of UiAutomator2, please 
2021-08-17 10:11:26:044 [Appium]   add 'automationName=UiAutomator1' to your desired capabilities
2021-08-17 10:11:26:044 [Appium] 
2021-08-17 10:11:26:044 [Appium]   For more information about drivers, please visit 
2021-08-17 10:11:26:045 [Appium]   http://appium.io/docs/en/about-appium/intro/ and explore the 
2021-08-17 10:11:26:045 [Appium]   'Drivers' menu
2021-08-17 10:11:26:045 [Appium] 
2021-08-17 10:11:26:045 [Appium] ======================================================================
2021-08-17 10:11:26:045 [Appium] 
2021-08-17 10:11:26:193 [Appium] Appium v1.21.0 creating new AndroidUiautomator2Driver (v1.65.0) session
2021-08-17 10:11:26:195 [BaseDriver] W3C capabilities and MJSONWP desired capabilities were provided
2021-08-17 10:11:26:195 [BaseDriver] Creating session with W3C capabilities: {
2021-08-17 10:11:26:195 [BaseDriver]   "alwaysMatch": {
2021-08-17 10:11:26:195 [BaseDriver]     "platformName": "Android",
2021-08-17 10:11:26:195 [BaseDriver]     "appium:app": "app/General-Store.apk",
2021-08-17 10:11:26:195 [BaseDriver]     "appium:udid": "emulator-5556",
2021-08-17 10:11:26:195 [BaseDriver]     "appium:deviceName": "Pixel",
2021-08-17 10:11:26:195 [BaseDriver]     "appium:systemPort": 8202
2021-08-17 10:11:26:195 [BaseDriver]   },
2021-08-17 10:11:26:195 [BaseDriver]   "firstMatch": [
2021-08-17 10:11:26:195 [BaseDriver]     {}
2021-08-17 10:11:26:195 [BaseDriver]   ]
2021-08-17 10:11:26:195 [BaseDriver] }
2021-08-17 10:11:26:200 [BaseDriver] Session created with session id: d175eddc-1fbd-4d54-97fd-4a20bcc7d978
2021-08-17 10:11:26:202 [BaseDriver] Using local app 'app/General-Store.apk'
2021-08-17 10:11:26:202 [BaseDriver] The current application path 'app/General-Store.apk' is not absolute and has been rewritten to '/Users/ashawami/PycharmProjects/Appium/app/General-Store.apk'. Consider using absolute paths rather than relative
2021-08-17 10:11:26:202 [UiAutomator2] Checking whether app is actually present
2021-08-17 10:11:26:207 [ADB] Found 1 'build-tools' folders under '/Users/ashawami/Library/Android/sdk' (newest first):
2021-08-17 10:11:26:207 [ADB]     /Users/ashawami/Library/Android/sdk/build-tools/31.0.0
2021-08-17 10:11:26:208 [ADB] Using 'adb' from '/Users/ashawami/Library/Android/sdk/platform-tools/adb'
2021-08-17 10:11:26:208 [ADB] Running '/Users/ashawami/Library/Android/sdk/platform-tools/adb -P 5037 start-server'
2021-08-17 10:11:26:218 [AndroidDriver] Retrieving device list
2021-08-17 10:11:26:219 [ADB] Trying to find a connected android device
2021-08-17 10:11:26:219 [ADB] Getting connected devices
2021-08-17 10:11:26:231 [ADB] Connected devices: [{"udid":"emulator-5554","state":"device"},{"udid":"emulator-5556","state":"device"}]
2021-08-17 10:11:26:232 [AndroidDriver] Using device: emulator-5556
2021-08-17 10:11:26:233 [ADB] Using 'adb' from '/Users/ashawami/Library/Android/sdk/platform-tools/adb'
2021-08-17 10:11:26:233 [ADB] Running '/Users/ashawami/Library/Android/sdk/platform-tools/adb -P 5037 start-server'
2021-08-17 10:11:26:242 [ADB] Setting device id to emulator-5556
2021-08-17 10:11:26:243 [ADB] Running '/Users/ashawami/Library/Android/sdk/platform-tools/adb -P 5037 -s emulator-5556 shell getprop ro.build.version.sdk'
2021-08-17 10:11:26:270 [ADB] Current device property 'ro.build.version.sdk': 30
2021-08-17 10:11:26:271 [ADB] Getting device platform version
2021-08-17 10:11:26:271 [ADB] Running '/Users/ashawami/Library/Android/sdk/platform-tools/adb -P 5037 -s emulator-5556 shell getprop ro.build.version.release'
2021-08-17 10:11:26:293 [ADB] Current device property 'ro.build.version.release': 11
2021-08-17 10:11:26:293 [ADB] Device API level: 30
2021-08-17 10:11:26:293 [UiAutomator2] Relaxing hidden api policy
2021-08-17 10:11:26:294 [ADB] Running '/Users/ashawami/Library/Android/sdk/platform-tools/adb -P 5037 -s emulator-5556 shell 'settings put global hidden_api_policy_pre_p_apps 1;settings put global hidden_api_policy_p_apps 1;settings put global hidden_api_policy 1''
2021-08-17 10:11:26:365 [AndroidDriver] Parsing package and activity from app manifest
2021-08-17 10:11:26:377 [ADB] Package name: 'com.androidsample.generalstore'
2021-08-17 10:11:26:377 [ADB] Main activity name: 'com.androidsample.generalstore.SplashActivity'
2021-08-17 10:11:26:377 [AndroidDriver] Parsed package and activity are: com.androidsample.generalstore/com.androidsample.generalstore.SplashActivity
2021-08-17 10:11:26:378 [ADB] Running '/Users/ashawami/Library/Android/sdk/platform-tools/adb -P 5037 -s emulator-5556 wait-for-device'
2021-08-17 10:11:26:392 [ADB] Running '/Users/ashawami/Library/Android/sdk/platform-tools/adb -P 5037 -s emulator-5556 shell echo ping'
2021-08-17 10:11:26:412 [AndroidDriver] Pushing settings apk to device...
2021-08-17 10:11:26:413 [ADB] Getting install status for io.appium.settings
2021-08-17 10:11:26:414 [ADB] Running '/Users/ashawami/Library/Android/sdk/platform-tools/adb -P 5037 -s emulator-5556 shell dumpsys package io.appium.settings'
2021-08-17 10:11:26:523 [ADB] 'io.appium.settings' is installed
2021-08-17 10:11:26:523 [ADB] Getting package info for 'io.appium.settings'
2021-08-17 10:11:26:524 [ADB] Running '/Users/ashawami/Library/Android/sdk/platform-tools/adb -P 5037 -s emulator-5556 shell dumpsys package io.appium.settings'
2021-08-17 10:11:26:557 [ADB] The version name of the installed 'io.appium.settings' is greater or equal to the application version name ('3.3.0' >= '3.3.0')
2021-08-17 10:11:26:558 [ADB] There is no need to install/upgrade '/usr/local/lib/node_modules/appium/node_modules/io.appium.settings/apks/settings_apk-debug.apk'
2021-08-17 10:11:26:558 [ADB] Getting IDs of all 'io.appium.settings' processes
2021-08-17 10:11:26:558 [ADB] Running '/Users/ashawami/Library/Android/sdk/platform-tools/adb -P 5037 -s emulator-5556 shell 'pgrep --help; echo $?''
2021-08-17 10:11:26:585 [ADB] Running '/Users/ashawami/Library/Android/sdk/platform-tools/adb -P 5037 -s emulator-5556 shell pgrep -f \(\[\[:blank:\]\]\|\^\)io\.appium\.settings\(\[\[:blank:\]\]\|\$\)'
2021-08-17 10:11:26:635 [AndroidDriver] io.appium.settings is already running. There is no need to reset its permissions.
2021-08-17 10:11:26:636 [Logcat] Starting logs capture with command: /Users/ashawami/Library/Android/sdk/platform-tools/adb -P 5037 -s emulator-5556 logcat -v threadtime
2021-08-17 10:11:26:661 [UiAutomator2] Forwarding UiAutomator2 Server port 6790 to local port 8202
2021-08-17 10:11:26:661 [ADB] Forwarding system: 8202 to device: 6790
2021-08-17 10:11:26:661 [ADB] Running '/Users/ashawami/Library/Android/sdk/platform-tools/adb -P 5037 -s emulator-5556 forward tcp:8202 tcp:6790'
2021-08-17 10:11:26:676 [ADB] Getting install status for io.appium.uiautomator2.server
2021-08-17 10:11:26:676 [ADB] Running '/Users/ashawami/Library/Android/sdk/platform-tools/adb -P 5037 -s emulator-5556 shell dumpsys package io.appium.uiautomator2.server'
2021-08-17 10:11:26:736 [ADB] 'io.appium.uiautomator2.server' is installed
2021-08-17 10:11:26:737 [ADB] Getting package info for 'io.appium.uiautomator2.server'
2021-08-17 10:11:26:737 [ADB] Running '/Users/ashawami/Library/Android/sdk/platform-tools/adb -P 5037 -s emulator-5556 shell dumpsys package io.appium.uiautomator2.server'
2021-08-17 10:11:26:790 [ADB] The version name of the installed 'io.appium.uiautomator2.server' is greater or equal to the application version name ('4.21.1' >= '4.21.1')
2021-08-17 10:11:26:790 [UiAutomator2] io.appium.uiautomator2.server installation state: sameVersionInstalled
2021-08-17 10:11:26:790 [ADB] Checking app cert for /usr/local/lib/node_modules/appium/node_modules/appium-uiautomator2-server/apks/appium-uiautomator2-server-v4.21.1.apk
2021-08-17 10:11:26:792 [ADB] Using 'apksigner.jar' from '/Users/ashawami/Library/Android/sdk/build-tools/31.0.0/lib/apksigner.jar'
2021-08-17 10:11:26:793 [ADB] Starting apksigner: /Users/ashawami/Library/Java/JavaVirtualMachines/adoptopenjdk-8.jdk/Contents/Home/bin/java -Xmx1024M -Xss1m -jar /Users/ashawami/Library/Android/sdk/build-tools/31.0.0/lib/apksigner.jar verify --print-certs /usr/local/lib/node_modules/appium/node_modules/appium-uiautomator2-server/apks/appium-uiautomator2-server-v4.21.1.apk
2021-08-17 10:11:27:372 [ADB] apksigner stdout: Signer #1 certificate DN: EMAILADDRESS=android@android.com, CN=Android, OU=Android, O=Android, L=Mountain View, ST=California, C=US
2021-08-17 10:11:27:372 [ADB] Signer #1 certificate SHA-256 digest: a40da80a59d170caa950cf15c18c454d47a39b26989d8b640ecd745ba71bf5dc
2021-08-17 10:11:27:372 [ADB] Signer #1 certificate SHA-1 digest: 61ed377e85d386a8dfee6b864bd85b0bfaa5af81
2021-08-17 10:11:27:372 [ADB] Signer #1 certificate MD5 digest: e89b158e4bcf988ebd09eb83f5378e87
2021-08-17 10:11:27:372 [ADB] 
2021-08-17 10:11:27:373 [ADB] sha256 hash did match for 'appium-uiautomator2-server-v4.21.1.apk'
2021-08-17 10:11:27:373 [ADB] '/usr/local/lib/node_modules/appium/node_modules/appium-uiautomator2-server/apks/appium-uiautomator2-server-v4.21.1.apk' is signed with the default certificate
2021-08-17 10:11:27:373 [ADB] Getting install status for io.appium.uiautomator2.server.test
2021-08-17 10:11:27:373 [ADB] Running '/Users/ashawami/Library/Android/sdk/platform-tools/adb -P 5037 -s emulator-5556 shell dumpsys package io.appium.uiautomator2.server.test'
2021-08-17 10:11:27:400 [ADB] 'io.appium.uiautomator2.server.test' is installed
2021-08-17 10:11:27:401 [ADB] Checking app cert for /usr/local/lib/node_modules/appium/node_modules/appium-uiautomator2-server/apks/appium-uiautomator2-server-debug-androidTest.apk
2021-08-17 10:11:27:401 [ADB] Starting apksigner: /Users/ashawami/Library/Java/JavaVirtualMachines/adoptopenjdk-8.jdk/Contents/Home/bin/java -Xmx1024M -Xss1m -jar /Users/ashawami/Library/Android/sdk/build-tools/31.0.0/lib/apksigner.jar verify --print-certs /usr/local/lib/node_modules/appium/node_modules/appium-uiautomator2-server/apks/appium-uiautomator2-server-debug-androidTest.apk
2021-08-17 10:11:27:706 [ADB] apksigner stdout: Signer #1 certificate DN: EMAILADDRESS=android@android.com, CN=Android, OU=Android, O=Android, L=Mountain View, ST=California, C=US
2021-08-17 10:11:27:707 [ADB] Signer #1 certificate SHA-256 digest: a40da80a59d170caa950cf15c18c454d47a39b26989d8b640ecd745ba71bf5dc
2021-08-17 10:11:27:707 [ADB] Signer #1 certificate SHA-1 digest: 61ed377e85d386a8dfee6b864bd85b0bfaa5af81
2021-08-17 10:11:27:707 [ADB] Signer #1 certificate MD5 digest: e89b158e4bcf988ebd09eb83f5378e87
2021-08-17 10:11:27:707 [ADB] 
2021-08-17 10:11:27:707 [ADB] sha256 hash did match for 'appium-uiautomator2-server-debug-androidTest.apk'
2021-08-17 10:11:27:707 [ADB] '/usr/local/lib/node_modules/appium/node_modules/appium-uiautomator2-server/apks/appium-uiautomator2-server-debug-androidTest.apk' is signed with the default certificate
2021-08-17 10:11:27:707 [UiAutomator2] Server packages are not going to be (re)installed
2021-08-17 10:11:27:709 [UiAutomator2] Waiting up to 30000ms for services to be available
2021-08-17 10:11:27:710 [ADB] Running '/Users/ashawami/Library/Android/sdk/platform-tools/adb -P 5037 -s emulator-5556 shell pm list instrumentation'
2021-08-17 10:11:27:746 [UiAutomator2] Instrumentation target 'io.appium.uiautomator2.server.test/androidx.test.runner.AndroidJUnitRunner' is available
2021-08-17 10:11:27:749 [ADB] Adding packages ["io.appium.settings","io.appium.uiautomator2.server","io.appium.uiautomator2.server.test"] to Doze whitelist
2021-08-17 10:11:27:750 [ADB] Got the following command chunks to execute: [["dumpsys","deviceidle","whitelist","+io.appium.settings",";","dumpsys","deviceidle","whitelist","+io.appium.uiautomator2.server",";","dumpsys","deviceidle","whitelist","+io.appium.uiautomator2.server.test",";"]]
2021-08-17 10:11:27:750 [ADB] Running '/Users/ashawami/Library/Android/sdk/platform-tools/adb -P 5037 -s emulator-5556 shell dumpsys deviceidle whitelist +io.appium.settings ; dumpsys deviceidle whitelist +io.appium.uiautomator2.server ; dumpsys deviceidle whitelist +io.appium.uiautomator2.server.test ;'
2021-08-17 10:11:27:802 [ADB] Checking app cert for /Users/ashawami/PycharmProjects/Appium/app/General-Store.apk
2021-08-17 10:11:27:803 [ADB] Starting apksigner: /Users/ashawami/Library/Java/JavaVirtualMachines/adoptopenjdk-8.jdk/Contents/Home/bin/java -Xmx1024M -Xss1m -jar /Users/ashawami/Library/Android/sdk/build-tools/31.0.0/lib/apksigner.jar verify --print-certs /Users/ashawami/PycharmProjects/Appium/app/General-Store.apk
2021-08-17 10:11:28:431 [ADB] apksigner stdout: Signer #1 certificate DN: EMAILADDRESS=android@android.com, CN=Android, OU=Android, O=Android, L=Mountain View, ST=California, C=US
2021-08-17 10:11:28:432 [ADB] Signer #1 certificate SHA-256 digest: a40da80a59d170caa950cf15c18c454d47a39b26989d8b640ecd745ba71bf5dc
2021-08-17 10:11:28:432 [ADB] Signer #1 certificate SHA-1 digest: 61ed377e85d386a8dfee6b864bd85b0bfaa5af81
2021-08-17 10:11:28:432 [ADB] Signer #1 certificate MD5 digest: e89b158e4bcf988ebd09eb83f5378e87
2021-08-17 10:11:28:432 [ADB] 
2021-08-17 10:11:28:432 [ADB] sha256 hash did match for 'General-Store.apk'
2021-08-17 10:11:28:432 [ADB] '/Users/ashawami/PycharmProjects/Appium/app/General-Store.apk' is signed with the default certificate
2021-08-17 10:11:28:432 [ADB] Getting install status for com.androidsample.generalstore
2021-08-17 10:11:28:433 [ADB] Running '/Users/ashawami/Library/Android/sdk/platform-tools/adb -P 5037 -s emulator-5556 shell dumpsys package com.androidsample.generalstore'
2021-08-17 10:11:28:460 [ADB] 'com.androidsample.generalstore' is installed
2021-08-17 10:11:28:460 [ADB] Getting package info for 'com.androidsample.generalstore'
2021-08-17 10:11:28:460 [ADB] Running '/Users/ashawami/Library/Android/sdk/platform-tools/adb -P 5037 -s emulator-5556 shell dumpsys package com.androidsample.generalstore'
2021-08-17 10:11:28:489 [ADB] The version name of the installed 'com.androidsample.generalstore' is greater or equal to the application version name ('1.0.0' >= '1.0.0')
2021-08-17 10:11:28:490 [ADB] There is no need to install/upgrade '/Users/ashawami/PycharmProjects/Appium/app/General-Store.apk'
2021-08-17 10:11:28:490 [AndroidDriver] Performing fast reset on 'com.androidsample.generalstore'
2021-08-17 10:11:28:490 [ADB] Getting install status for com.androidsample.generalstore
2021-08-17 10:11:28:490 [ADB] Running '/Users/ashawami/Library/Android/sdk/platform-tools/adb -P 5037 -s emulator-5556 shell dumpsys package com.androidsample.generalstore'
2021-08-17 10:11:28:516 [ADB] 'com.androidsample.generalstore' is installed
2021-08-17 10:11:28:516 [ADB] Running '/Users/ashawami/Library/Android/sdk/platform-tools/adb -P 5037 -s emulator-5556 shell am force-stop com.androidsample.generalstore'
2021-08-17 10:11:28:554 [ADB] Running '/Users/ashawami/Library/Android/sdk/platform-tools/adb -P 5037 -s emulator-5556 shell pm clear com.androidsample.generalstore'
2021-08-17 10:11:28:626 [AndroidDriver] Performed fast reset on the installed 'com.androidsample.generalstore' application (stop and clear)
2021-08-17 10:11:28:627 [UiAutomator2] Performing shallow cleanup of automation leftovers
2021-08-17 10:11:28:648 [UiAutomator2] No obsolete sessions have been detected (socket hang up)
2021-08-17 10:11:28:648 [ADB] Running '/Users/ashawami/Library/Android/sdk/platform-tools/adb -P 5037 -s emulator-5556 shell am force-stop io.appium.uiautomator2.server.test'
2021-08-17 10:11:28:730 [UiAutomator2] Starting UIAutomator2 server 4.21.1
2021-08-17 10:11:28:731 [UiAutomator2] Using UIAutomator2 server from '/usr/local/lib/node_modules/appium/node_modules/appium-uiautomator2-server/apks/appium-uiautomator2-server-v4.21.1.apk' and test from '/usr/local/lib/node_modules/appium/node_modules/appium-uiautomator2-server/apks/appium-uiautomator2-server-debug-androidTest.apk'
2021-08-17 10:11:28:731 [UiAutomator2] Waiting up to 30000ms for UiAutomator2 to be online...
2021-08-17 10:11:28:731 [ADB] Creating ADB subprocess with args: ["-P",5037,"-s","emulator-5556","shell","am","instrument","-w","-e","disableAnalytics",true,"io.appium.uiautomator2.server.test/androidx.test.runner.AndroidJUnitRunner"]
2021-08-17 10:11:28:738 [WD Proxy] Matched '/status' to command name 'getStatus'
2021-08-17 10:11:28:739 [WD Proxy] Proxying [GET /status] to [GET http://127.0.0.1:8202/wd/hub/status] with no body
2021-08-17 10:11:28:756 [WD Proxy] socket hang up
2021-08-17 10:11:29:393 [Instrumentation] io.appium.uiautomator2.server.test.AppiumUiAutomator2Server:
2021-08-17 10:11:29:758 [WD Proxy] Matched '/status' to command name 'getStatus'
2021-08-17 10:11:29:758 [WD Proxy] Proxying [GET /status] to [GET http://127.0.0.1:8202/wd/hub/status] with no body
2021-08-17 10:11:29:765 [WD Proxy] socket hang up
2021-08-17 10:11:30:767 [WD Proxy] Matched '/status' to command name 'getStatus'
2021-08-17 10:11:30:767 [WD Proxy] Proxying [GET /status] to [GET http://127.0.0.1:8202/wd/hub/status] with no body
2021-08-17 10:11:30:879 [WD Proxy] Got response with status 200: {"sessionId":"None","value":{"message":"UiAutomator2 Server is ready to accept commands","ready":true}}
2021-08-17 10:11:30:879 [UiAutomator2] The initialization of the instrumentation process took 2149ms
2021-08-17 10:11:30:880 [WD Proxy] Matched '/session' to command name 'createSession'
2021-08-17 10:11:30:880 [WD Proxy] Proxying [POST /session] to [POST http://127.0.0.1:8202/wd/hub/session] with body: {"capabilities":{"firstMatch":[{"platform":"LINUX","webStorageEnabled":false,"takesScreenshot":true,"javascriptEnabled":true,"databaseEnabled":false,"networkConnectionEnabled":true,"locationContextEnabled":false,"warnings":{},"desired":{"platformName":"Android","app":"app/General-Store.apk","udid":"emulator-5556","deviceName":"Pixel","systemPort":8202},"platformName":"Android","app":"app/General-Store.apk","udid":"emulator-5556","deviceName":"emulator-5556","systemPort":8202,"deviceUDID":"emulator-5556","appPackage":"com.androidsample.generalstore"}],"alwaysMatch":{}}}
2021-08-17 10:11:30:909 [WD Proxy] Got response with status 200: {"sessionId":"28d88f9c-13f5-4bad-adcd-dff5a1ba309d","value":{"capabilities":{"firstMatch":[{"platform":"LINUX","webStorageEnabled":false,"takesScreenshot":true,"javascriptEnabled":true,"databaseEnabled":false,"networkConnectionEnabled":true,"locationContextEnabled":false,"warnings":{},"desired":{"platformName":"Android","app":"app/General-Store.apk","udid":"emulator-5556","deviceName":"Pixel","systemPort":8202},"platformName":"Android","app":"app/General-Store.apk","udid":"emulator-5556","deviceName":"emulator-5556","systemPort":8202,"deviceUDID":"emulator-5556","appPackage":"com.androidsample.generalstore"}],"alwaysMatch":{}},"sessionId":"28d88f9c-13f5-4bad-adcd-dff5a1ba309d"}}
2021-08-17 10:11:30:909 [WD Proxy] Determined the downstream protocol as 'W3C'
2021-08-17 10:11:30:919 [WD Proxy] Proxying [GET /appium/device/info] to [GET http://127.0.0.1:8202/wd/hub/session/28d88f9c-13f5-4bad-adcd-dff5a1ba309d/appium/device/info] with no body
2021-08-17 10:11:30:942 [WD Proxy] Got response with status 200: {"sessionId":"28d88f9c-13f5-4bad-adcd-dff5a1ba309d","value":{"androidId":"7cfc0611b56fbecc","apiVersion":"30","bluetooth":{"state":"ON"},"brand":"google","carrierName":"Android","displayDensity":440,"locale":"en_US","manufacturer":"Google","model":"sdk_gphone_x86","networks":[{"capabilities":{"SSID":null,"linkDownBandwidthKbps":141000,"linkUpstreamBandwidthKbps":141000,"networkCapabilities":"NET_CAPABILITY_NOT_METERED,NET_CAPABILITY_INTERNET,NET_CAPABILITY_NOT_RESTRICTED,NET_CAPABILITY_TRUSTED,NET_CAPABILITY_NOT_VPN,NET_CAPABILITY_VALIDATED,NET_CAPABILITY_NOT_ROAMING,NET_CAPABILITY_FOREGROUND,NET_CAPABILITY_NOT_CONGESTED,NET_CAPABILITY_NOT_SUSPENDED","signalStrength":-30,"transportTypes":"TRANSPORT_WIFI"},"detailedState":"CONNECTED","extraInfo":"","isAvailable":true,"isConnected":true,"isFailover":false,"isRoaming":false,"state":"CONNECTED","subtype":0,"subtypeName":"","type":1,"typeName":"WIFI"},{"capabilities":{"SSID":null,"linkDownBandwidthKbps":30000,"linkUpstreamBandwidthKbps":15000,"networkCapabiliti...
2021-08-17 10:11:30:942 [ADB] Running '/Users/ashawami/Library/Android/sdk/platform-tools/adb -P 5037 -s emulator-5556 shell dumpsys window'
2021-08-17 10:11:30:990 [AndroidDriver] Screen already unlocked, doing nothing
2021-08-17 10:11:30:990 [UiAutomator2] Starting 'com.androidsample.generalstore/com.androidsample.generalstore.SplashActivity and waiting for 'com.androidsample.generalstore/com.androidsample.generalstore.SplashActivity'
2021-08-17 10:11:30:991 [ADB] Running '/Users/ashawami/Library/Android/sdk/platform-tools/adb -P 5037 -s emulator-5556 shell am start -W -n com.androidsample.generalstore/com.androidsample.generalstore.SplashActivity -S -a android.intent.action.MAIN -c android.intent.category.LAUNCHER -f 0x10200000'
2021-08-17 10:11:31:761 [ADB] Waiting up to 20000ms for activity matching pkg: 'com.androidsample.generalstore' and activity: 'com.androidsample.generalstore.SplashActivity' to be focused
2021-08-17 10:11:31:762 [ADB] Possible activities, to be checked: 'com.androidsample.generalstore.SplashActivity', 'com.androidsample.generalstore.com.androidsample.generalstore.SplashActivity'
2021-08-17 10:11:31:762 [ADB] Getting focused package and activity
2021-08-17 10:11:31:762 [ADB] Running '/Users/ashawami/Library/Android/sdk/platform-tools/adb -P 5037 -s emulator-5556 shell dumpsys window displays'
2021-08-17 10:11:31:813 [ADB] Found package: 'com.androidsample.generalstore' and fully qualified activity name : 'com.androidsample.generalstore.SplashActivity'
2021-08-17 10:11:31:815 [WD Proxy] Proxying [GET /appium/device/pixel_ratio] to [GET http://127.0.0.1:8202/wd/hub/session/28d88f9c-13f5-4bad-adcd-dff5a1ba309d/appium/device/pixel_ratio] with no body
2021-08-17 10:11:31:822 [WD Proxy] Got response with status 200: {"sessionId":"28d88f9c-13f5-4bad-adcd-dff5a1ba309d","value":2.75}
2021-08-17 10:11:31:823 [WD Proxy] Matched '/appium/device/system_bars' to command name 'getSystemBars'
2021-08-17 10:11:31:823 [WD Proxy] Proxying [GET /appium/device/system_bars] to [GET http://127.0.0.1:8202/wd/hub/session/28d88f9c-13f5-4bad-adcd-dff5a1ba309d/appium/device/system_bars] with no body
2021-08-17 10:11:31:828 [WD Proxy] Got response with status 200: {"sessionId":"28d88f9c-13f5-4bad-adcd-dff5a1ba309d","value":{"statusBar":135}}
2021-08-17 10:11:31:828 [WD Proxy] Matched '/window/current/size' to command name 'getWindowSize'
2021-08-17 10:11:31:828 [WD Proxy] Proxying [GET /window/current/size] to [GET http://127.0.0.1:8202/wd/hub/session/28d88f9c-13f5-4bad-adcd-dff5a1ba309d/window/current/size] with no body
2021-08-17 10:11:31:835 [WD Proxy] Got response with status 200: {"sessionId":"28d88f9c-13f5-4bad-adcd-dff5a1ba309d","value":{"height":1977,"width":1080}}
2021-08-17 10:11:31:835 [Appium] New AndroidUiautomator2Driver session created successfully, session d175eddc-1fbd-4d54-97fd-4a20bcc7d978 added to master session list
2021-08-17 10:11:31:836 [BaseDriver] Event 'newSessionStarted' logged at 1629195091836 (15:41:31 GMT+0530 (India Standard Time))
2021-08-17 10:11:31:836 [W3C (d175eddc)] Cached the protocol value 'W3C' for the new session d175eddc-1fbd-4d54-97fd-4a20bcc7d978
2021-08-17 10:11:31:836 [W3C (d175eddc)] Responding to client with driver.createSession() result: {"capabilities":{"platform":"LINUX","webStorageEnabled":false,"takesScreenshot":true,"javascriptEnabled":true,"databaseEnabled":false,"networkConnectionEnabled":true,"locationContextEnabled":false,"warnings":{},"desired":{"platformName":"Android","app":"app/General-Store.apk","udid":"emulator-5556","deviceName":"Pixel","systemPort":8202},"platformName":"Android","app":"app/General-Store.apk","udid":"emulator-5556","deviceName":"emulator-5556","systemPort":8202,"deviceUDID":"emulator-5556","appPackage":"com.androidsample.generalstore","deviceApiLevel":30,"platformVersion":"11","deviceScreenSize":"1080x2280","deviceScreenDensity":440,"deviceModel":"sdk_gphone_x86","deviceManufacturer":"Google","pixelRatio":2.75,"statBarHeight":135,"viewportRect":{"left":0,"top":135,"width":1080,"height":1842}}}
2021-08-17 10:11:31:837 [HTTP] <-- POST /wd/hub/session 200 5801 ms - 864
2021-08-17 10:11:31:838 [HTTP] 
2021-08-17 10:11:31:840 [HTTP] --> POST /wd/hub/session/d175eddc-1fbd-4d54-97fd-4a20bcc7d978/timeouts
2021-08-17 10:11:31:840 [HTTP] {"implicit":10000}
2021-08-17 10:11:31:841 [W3C (d175eddc)] Calling AppiumDriver.timeouts() with args: [null,null,null,null,10000,"d175eddc-1fbd-4d54-97fd-4a20bcc7d978"]
2021-08-17 10:11:31:842 [BaseDriver] W3C timeout argument: {"implicit":10000}}
2021-08-17 10:11:31:842 [BaseDriver] Set implicit wait to 10000ms
2021-08-17 10:11:31:842 [W3C (d175eddc)] Responding to client with driver.timeouts() result: null
2021-08-17 10:11:31:843 [HTTP] <-- POST /wd/hub/session/d175eddc-1fbd-4d54-97fd-4a20bcc7d978/timeouts 200 3 ms - 14
2021-08-17 10:11:31:843 [HTTP] 
2021-08-17 10:11:31:845 [HTTP] --> POST /wd/hub/session/d175eddc-1fbd-4d54-97fd-4a20bcc7d978/element
2021-08-17 10:11:31:845 [HTTP] {"using":"id","value":"com.androidsample.generalstore:id/radioFemale"}
2021-08-17 10:11:31:847 [W3C (d175eddc)] Calling AppiumDriver.findElement() with args: ["id","com.androidsample.generalstore:id/radioFemale","d175eddc-1fbd-4d54-97fd-4a20bcc7d978"]
2021-08-17 10:11:31:848 [BaseDriver] Valid locator strategies for this request: xpath, id, class name, accessibility id, css selector, -android uiautomator
2021-08-17 10:11:31:848 [BaseDriver] Waiting up to 10000 ms for condition
2021-08-17 10:11:31:848 [WD Proxy] Matched '/element' to command name 'findElement'
2021-08-17 10:11:31:848 [WD Proxy] Proxying [POST /element] to [POST http://127.0.0.1:8202/wd/hub/session/28d88f9c-13f5-4bad-adcd-dff5a1ba309d/element] with body: {"strategy":"id","selector":"com.androidsample.generalstore:id/radioFemale","context":"","multiple":false}
2021-08-17 10:11:32:140 [WD Proxy] Got response with status 404: {"sessionId":"28d88f9c-13f5-4bad-adcd-dff5a1ba309d","value":{"error":"no such element","message":"An element could not be located on the page using the given search parameters","stacktrace":"io.appium.uiautomator2.common.exceptions.ElementNotFoundException: An element could not be located on the page using the given search parameters\n\tat io.appium.uiautomator2.handler.FindElement.safeHandle(FindElement.java:68)\n\tat io.appium.uiautomator2.handler.request.SafeRequestHandler.handle(SafeRequestHandler.java:41)\n\tat io.appium.uiautomator2.server.AppiumServlet.handleRequest(AppiumServlet.java:262)\n\tat io.appium.uiautomator2.server.AppiumServlet.handleHttpRequest(AppiumServlet.java:256)\n\tat io.appium.uiautomator2.http.ServerHandler.channelRead(ServerHandler.java:68)\n\tat io.netty.channel.AbstractChannelHandlerContext.invokeChannelRead(AbstractChannelHandlerContext.java:366)\n\tat io.netty.channel.AbstractChannelHandlerContext.invokeChannelRead(AbstractChannelHandlerContext.java:352)\n\tat io.netty.chann...
2021-08-17 10:11:32:140 [W3C] Matched W3C error code 'no such element' to NoSuchElementError
2021-08-17 10:11:32:140 [BaseDriver] Waited for 292 ms so far
2021-08-17 10:11:32:643 [WD Proxy] Matched '/element' to command name 'findElement'
2021-08-17 10:11:32:643 [WD Proxy] Proxying [POST /element] to [POST http://127.0.0.1:8202/wd/hub/session/28d88f9c-13f5-4bad-adcd-dff5a1ba309d/element] with body: {"strategy":"id","selector":"com.androidsample.generalstore:id/radioFemale","context":"","multiple":false}
2021-08-17 10:11:32:659 [WD Proxy] Got response with status 404: {"sessionId":"28d88f9c-13f5-4bad-adcd-dff5a1ba309d","value":{"error":"no such element","message":"An element could not be located on the page using the given search parameters","stacktrace":"io.appium.uiautomator2.common.exceptions.ElementNotFoundException: An element could not be located on the page using the given search parameters\n\tat io.appium.uiautomator2.handler.FindElement.safeHandle(FindElement.java:68)\n\tat io.appium.uiautomator2.handler.request.SafeRequestHandler.handle(SafeRequestHandler.java:41)\n\tat io.appium.uiautomator2.server.AppiumServlet.handleRequest(AppiumServlet.java:262)\n\tat io.appium.uiautomator2.server.AppiumServlet.handleHttpRequest(AppiumServlet.java:256)\n\tat io.appium.uiautomator2.http.ServerHandler.channelRead(ServerHandler.java:68)\n\tat io.netty.channel.AbstractChannelHandlerContext.invokeChannelRead(AbstractChannelHandlerContext.java:366)\n\tat io.netty.channel.AbstractChannelHandlerContext.invokeChannelRead(AbstractChannelHandlerContext.java:352)\n\tat io.netty.chann...
2021-08-17 10:11:32:659 [W3C] Matched W3C error code 'no such element' to NoSuchElementError
2021-08-17 10:11:32:660 [BaseDriver] Waited for 811 ms so far
2021-08-17 10:11:33:165 [WD Proxy] Matched '/element' to command name 'findElement'
2021-08-17 10:11:33:165 [WD Proxy] Proxying [POST /element] to [POST http://127.0.0.1:8202/wd/hub/session/28d88f9c-13f5-4bad-adcd-dff5a1ba309d/element] with body: {"strategy":"id","selector":"com.androidsample.generalstore:id/radioFemale","context":"","multiple":false}
2021-08-17 10:11:33:179 [WD Proxy] Got response with status 404: {"sessionId":"28d88f9c-13f5-4bad-adcd-dff5a1ba309d","value":{"error":"no such element","message":"An element could not be located on the page using the given search parameters","stacktrace":"io.appium.uiautomator2.common.exceptions.ElementNotFoundException: An element could not be located on the page using the given search parameters\n\tat io.appium.uiautomator2.handler.FindElement.safeHandle(FindElement.java:68)\n\tat io.appium.uiautomator2.handler.request.SafeRequestHandler.handle(SafeRequestHandler.java:41)\n\tat io.appium.uiautomator2.server.AppiumServlet.handleRequest(AppiumServlet.java:262)\n\tat io.appium.uiautomator2.server.AppiumServlet.handleHttpRequest(AppiumServlet.java:256)\n\tat io.appium.uiautomator2.http.ServerHandler.channelRead(ServerHandler.java:68)\n\tat io.netty.channel.AbstractChannelHandlerContext.invokeChannelRead(AbstractChannelHandlerContext.java:366)\n\tat io.netty.channel.AbstractChannelHandlerContext.invokeChannelRead(AbstractChannelHandlerContext.java:352)\n\tat io.netty.chann...
2021-08-17 10:11:33:179 [W3C] Matched W3C error code 'no such element' to NoSuchElementError
2021-08-17 10:11:33:179 [BaseDriver] Waited for 1331 ms so far
2021-08-17 10:11:33:683 [WD Proxy] Matched '/element' to command name 'findElement'
2021-08-17 10:11:33:683 [WD Proxy] Proxying [POST /element] to [POST http://127.0.0.1:8202/wd/hub/session/28d88f9c-13f5-4bad-adcd-dff5a1ba309d/element] with body: {"strategy":"id","selector":"com.androidsample.generalstore:id/radioFemale","context":"","multiple":false}
2021-08-17 10:11:33:700 [WD Proxy] Got response with status 404: {"sessionId":"28d88f9c-13f5-4bad-adcd-dff5a1ba309d","value":{"error":"no such element","message":"An element could not be located on the page using the given search parameters","stacktrace":"io.appium.uiautomator2.common.exceptions.ElementNotFoundException: An element could not be located on the page using the given search parameters\n\tat io.appium.uiautomator2.handler.FindElement.safeHandle(FindElement.java:68)\n\tat io.appium.uiautomator2.handler.request.SafeRequestHandler.handle(SafeRequestHandler.java:41)\n\tat io.appium.uiautomator2.server.AppiumServlet.handleRequest(AppiumServlet.java:262)\n\tat io.appium.uiautomator2.server.AppiumServlet.handleHttpRequest(AppiumServlet.java:256)\n\tat io.appium.uiautomator2.http.ServerHandler.channelRead(ServerHandler.java:68)\n\tat io.netty.channel.AbstractChannelHandlerContext.invokeChannelRead(AbstractChannelHandlerContext.java:366)\n\tat io.netty.channel.AbstractChannelHandlerContext.invokeChannelRead(AbstractChannelHandlerContext.java:352)\n\tat io.netty.chann...
2021-08-17 10:11:33:700 [W3C] Matched W3C error code 'no such element' to NoSuchElementError
2021-08-17 10:11:33:700 [BaseDriver] Waited for 1852 ms so far
2021-08-17 10:11:34:208 [WD Proxy] Matched '/element' to command name 'findElement'
2021-08-17 10:11:34:208 [WD Proxy] Proxying [POST /element] to [POST http://127.0.0.1:8202/wd/hub/session/28d88f9c-13f5-4bad-adcd-dff5a1ba309d/element] with body: {"strategy":"id","selector":"com.androidsample.generalstore:id/radioFemale","context":"","multiple":false}
2021-08-17 10:11:34:224 [WD Proxy] Got response with status 404: {"sessionId":"28d88f9c-13f5-4bad-adcd-dff5a1ba309d","value":{"error":"no such element","message":"An element could not be located on the page using the given search parameters","stacktrace":"io.appium.uiautomator2.common.exceptions.ElementNotFoundException: An element could not be located on the page using the given search parameters\n\tat io.appium.uiautomator2.handler.FindElement.safeHandle(FindElement.java:68)\n\tat io.appium.uiautomator2.handler.request.SafeRequestHandler.handle(SafeRequestHandler.java:41)\n\tat io.appium.uiautomator2.server.AppiumServlet.handleRequest(AppiumServlet.java:262)\n\tat io.appium.uiautomator2.server.AppiumServlet.handleHttpRequest(AppiumServlet.java:256)\n\tat io.appium.uiautomator2.http.ServerHandler.channelRead(ServerHandler.java:68)\n\tat io.netty.channel.AbstractChannelHandlerContext.invokeChannelRead(AbstractChannelHandlerContext.java:366)\n\tat io.netty.channel.AbstractChannelHandlerContext.invokeChannelRead(AbstractChannelHandlerContext.java:352)\n\tat io.netty.chann...
2021-08-17 10:11:34:224 [W3C] Matched W3C error code 'no such element' to NoSuchElementError
2021-08-17 10:11:34:224 [BaseDriver] Waited for 2376 ms so far
2021-08-17 10:11:34:729 [WD Proxy] Matched '/element' to command name 'findElement'
2021-08-17 10:11:34:729 [WD Proxy] Proxying [POST /element] to [POST http://127.0.0.1:8202/wd/hub/session/28d88f9c-13f5-4bad-adcd-dff5a1ba309d/element] with body: {"strategy":"id","selector":"com.androidsample.generalstore:id/radioFemale","context":"","multiple":false}
2021-08-17 10:11:34:835 [WD Proxy] Got response with status 404: {"sessionId":"28d88f9c-13f5-4bad-adcd-dff5a1ba309d","value":{"error":"no such element","message":"An element could not be located on the page using the given search parameters","stacktrace":"io.appium.uiautomator2.common.exceptions.ElementNotFoundException: An element could not be located on the page using the given search parameters\n\tat io.appium.uiautomator2.handler.FindElement.safeHandle(FindElement.java:68)\n\tat io.appium.uiautomator2.handler.request.SafeRequestHandler.handle(SafeRequestHandler.java:41)\n\tat io.appium.uiautomator2.server.AppiumServlet.handleRequest(AppiumServlet.java:262)\n\tat io.appium.uiautomator2.server.AppiumServlet.handleHttpRequest(AppiumServlet.java:256)\n\tat io.appium.uiautomator2.http.ServerHandler.channelRead(ServerHandler.java:68)\n\tat io.netty.channel.AbstractChannelHandlerContext.invokeChannelRead(AbstractChannelHandlerContext.java:366)\n\tat io.netty.channel.AbstractChannelHandlerContext.invokeChannelRead(AbstractChannelHandlerContext.java:352)\n\tat io.netty.chann...
2021-08-17 10:11:34:835 [W3C] Matched W3C error code 'no such element' to NoSuchElementError
2021-08-17 10:11:34:835 [BaseDriver] Waited for 2987 ms so far
2021-08-17 10:11:35:342 [WD Proxy] Matched '/element' to command name 'findElement'
2021-08-17 10:11:35:343 [WD Proxy] Proxying [POST /element] to [POST http://127.0.0.1:8202/wd/hub/session/28d88f9c-13f5-4bad-adcd-dff5a1ba309d/element] with body: {"strategy":"id","selector":"com.androidsample.generalstore:id/radioFemale","context":"","multiple":false}
2021-08-17 10:11:35:494 [WD Proxy] Got response with status 200: {"sessionId":"28d88f9c-13f5-4bad-adcd-dff5a1ba309d","value":{"ELEMENT":"8fe84ff6-7604-4ece-b6b4-90a1c2b6fdac","element-6066-11e4-a52e-4f735466cecf":"8fe84ff6-7604-4ece-b6b4-90a1c2b6fdac"}}
2021-08-17 10:11:35:494 [W3C (d175eddc)] Responding to client with driver.findElement() result: {"element-6066-11e4-a52e-4f735466cecf":"8fe84ff6-7604-4ece-b6b4-90a1c2b6fdac","ELEMENT":"8fe84ff6-7604-4ece-b6b4-90a1c2b6fdac"}
2021-08-17 10:11:35:495 [HTTP] <-- POST /wd/hub/session/d175eddc-1fbd-4d54-97fd-4a20bcc7d978/element 200 3649 ms - 137
2021-08-17 10:11:35:495 [HTTP] 
2021-08-17 10:11:35:496 [HTTP] --> POST /wd/hub/session/d175eddc-1fbd-4d54-97fd-4a20bcc7d978/element/8fe84ff6-7604-4ece-b6b4-90a1c2b6fdac/click
2021-08-17 10:11:35:496 [HTTP] {"id":"8fe84ff6-7604-4ece-b6b4-90a1c2b6fdac"}
2021-08-17 10:11:35:498 [W3C (d175eddc)] Calling AppiumDriver.click() with args: ["8fe84ff6-7604-4ece-b6b4-90a1c2b6fdac","d175eddc-1fbd-4d54-97fd-4a20bcc7d978"]
2021-08-17 10:11:35:499 [WD Proxy] Matched '/element/8fe84ff6-7604-4ece-b6b4-90a1c2b6fdac/click' to command name 'click'
2021-08-17 10:11:35:499 [WD Proxy] Proxying [POST /element/8fe84ff6-7604-4ece-b6b4-90a1c2b6fdac/click] to [POST http://127.0.0.1:8202/wd/hub/session/28d88f9c-13f5-4bad-adcd-dff5a1ba309d/element/8fe84ff6-7604-4ece-b6b4-90a1c2b6fdac/click] with body: {"element":"8fe84ff6-7604-4ece-b6b4-90a1c2b6fdac"}
2021-08-17 10:11:35:621 [WD Proxy] Got response with status 200: {"sessionId":"28d88f9c-13f5-4bad-adcd-dff5a1ba309d","value":null}
2021-08-17 10:11:35:621 [W3C (d175eddc)] Responding to client with driver.click() result: null
2021-08-17 10:11:35:622 [HTTP] <-- POST /wd/hub/session/d175eddc-1fbd-4d54-97fd-4a20bcc7d978/element/8fe84ff6-7604-4ece-b6b4-90a1c2b6fdac/click 200 126 ms - 14
2021-08-17 10:11:35:622 [HTTP] 
2021-08-17 10:11:35:624 [HTTP] --> POST /wd/hub/session/d175eddc-1fbd-4d54-97fd-4a20bcc7d978/element
2021-08-17 10:11:35:624 [HTTP] {"using":"id","value":"com.androidsample.generalstore:id/nameField"}
2021-08-17 10:11:35:624 [W3C (d175eddc)] Calling AppiumDriver.findElement() with args: ["id","com.androidsample.generalstore:id/nameField","d175eddc-1fbd-4d54-97fd-4a20bcc7d978"]
2021-08-17 10:11:35:624 [BaseDriver] Valid locator strategies for this request: xpath, id, class name, accessibility id, css selector, -android uiautomator
2021-08-17 10:11:35:624 [BaseDriver] Waiting up to 10000 ms for condition
2021-08-17 10:11:35:625 [WD Proxy] Matched '/element' to command name 'findElement'
2021-08-17 10:11:35:625 [WD Proxy] Proxying [POST /element] to [POST http://127.0.0.1:8202/wd/hub/session/28d88f9c-13f5-4bad-adcd-dff5a1ba309d/element] with body: {"strategy":"id","selector":"com.androidsample.generalstore:id/nameField","context":"","multiple":false}
2021-08-17 10:11:36:233 [WD Proxy] Got response with status 200: {"sessionId":"28d88f9c-13f5-4bad-adcd-dff5a1ba309d","value":{"ELEMENT":"c35f994d-90a8-4fd4-b417-7967c070a7ed","element-6066-11e4-a52e-4f735466cecf":"c35f994d-90a8-4fd4-b417-7967c070a7ed"}}
2021-08-17 10:11:36:233 [W3C (d175eddc)] Responding to client with driver.findElement() result: {"element-6066-11e4-a52e-4f735466cecf":"c35f994d-90a8-4fd4-b417-7967c070a7ed","ELEMENT":"c35f994d-90a8-4fd4-b417-7967c070a7ed"}
2021-08-17 10:11:36:234 [HTTP] <-- POST /wd/hub/session/d175eddc-1fbd-4d54-97fd-4a20bcc7d978/element 200 610 ms - 137
2021-08-17 10:11:36:234 [HTTP] 
2021-08-17 10:11:36:235 [HTTP] --> POST /wd/hub/session/d175eddc-1fbd-4d54-97fd-4a20bcc7d978/element/c35f994d-90a8-4fd4-b417-7967c070a7ed/value
2021-08-17 10:11:36:235 [HTTP] {"text":"alexa","value":["a","l","e","x","a"],"id":"c35f994d-90a8-4fd4-b417-7967c070a7ed"}
2021-08-17 10:11:36:236 [W3C (d175eddc)] Calling AppiumDriver.setValue() with args: [["a","l","e","x","a"],"c35f994d-90a8-4fd4-b417-7967c070a7ed","d175eddc-1fbd-4d54-97fd-4a20bcc7d978"]
2021-08-17 10:11:36:238 [WD Proxy] Matched '/element/c35f994d-90a8-4fd4-b417-7967c070a7ed/value' to command name 'setValue'
2021-08-17 10:11:36:238 [Protocol Converter] Added 'value' property ["a","l","e","x","a"] to 'setValue' request body
2021-08-17 10:11:36:238 [WD Proxy] Proxying [POST /element/c35f994d-90a8-4fd4-b417-7967c070a7ed/value] to [POST http://127.0.0.1:8202/wd/hub/session/28d88f9c-13f5-4bad-adcd-dff5a1ba309d/element/c35f994d-90a8-4fd4-b417-7967c070a7ed/value] with body: {"elementId":"c35f994d-90a8-4fd4-b417-7967c070a7ed","text":"alexa","replace":false,"value":["a","l","e","x","a"]}
2021-08-17 10:11:36:776 [WD Proxy] Got response with status 200: {"sessionId":"28d88f9c-13f5-4bad-adcd-dff5a1ba309d","value":null}
2021-08-17 10:11:36:776 [W3C (d175eddc)] Responding to client with driver.setValue() result: null
2021-08-17 10:11:36:777 [HTTP] <-- POST /wd/hub/session/d175eddc-1fbd-4d54-97fd-4a20bcc7d978/element/c35f994d-90a8-4fd4-b417-7967c070a7ed/value 200 542 ms - 14
2021-08-17 10:11:36:777 [HTTP] 
2021-08-17 10:11:36:778 [HTTP] --> POST /wd/hub/session/d175eddc-1fbd-4d54-97fd-4a20bcc7d978/appium/device/hide_keyboard
2021-08-17 10:11:36:778 [HTTP] {"strategy":"tapOutside"}
2021-08-17 10:11:36:782 [W3C (d175eddc)] Calling AppiumDriver.hideKeyboard() with args: ["tapOutside",null,null,null,"d175eddc-1fbd-4d54-97fd-4a20bcc7d978"]
2021-08-17 10:11:36:782 [ADB] Running '/Users/ashawami/Library/Android/sdk/platform-tools/adb -P 5037 -s emulator-5556 shell dumpsys input_method'
2021-08-17 10:11:36:962 [AndroidDriver] Keyboard has no UI; no closing necessary
2021-08-17 10:11:36:962 [W3C (d175eddc)] Responding to client with driver.hideKeyboard() result: null
2021-08-17 10:11:36:963 [HTTP] <-- POST /wd/hub/session/d175eddc-1fbd-4d54-97fd-4a20bcc7d978/appium/device/hide_keyboard 200 184 ms - 14
2021-08-17 10:11:36:963 [HTTP] 
2021-08-17 10:11:36:964 [HTTP] --> POST /wd/hub/session/d175eddc-1fbd-4d54-97fd-4a20bcc7d978/element
2021-08-17 10:11:36:964 [HTTP] {"using":"id","value":"com.androidsample.generalstore:id/btnLetsShop"}
2021-08-17 10:11:36:965 [W3C (d175eddc)] Calling AppiumDriver.findElement() with args: ["id","com.androidsample.generalstore:id/btnLetsShop","d175eddc-1fbd-4d54-97fd-4a20bcc7d978"]
2021-08-17 10:11:36:965 [BaseDriver] Valid locator strategies for this request: xpath, id, class name, accessibility id, css selector, -android uiautomator
2021-08-17 10:11:36:965 [BaseDriver] Waiting up to 10000 ms for condition
2021-08-17 10:11:36:965 [WD Proxy] Matched '/element' to command name 'findElement'
2021-08-17 10:11:36:965 [WD Proxy] Proxying [POST /element] to [POST http://127.0.0.1:8202/wd/hub/session/28d88f9c-13f5-4bad-adcd-dff5a1ba309d/element] with body: {"strategy":"id","selector":"com.androidsample.generalstore:id/btnLetsShop","context":"","multiple":false}
2021-08-17 10:11:37:294 [WD Proxy] Got response with status 200: {"sessionId":"28d88f9c-13f5-4bad-adcd-dff5a1ba309d","value":{"ELEMENT":"ca90e3ec-2972-4f90-9ce6-8f0663c2c9b7","element-6066-11e4-a52e-4f735466cecf":"ca90e3ec-2972-4f90-9ce6-8f0663c2c9b7"}}
2021-08-17 10:11:37:294 [W3C (d175eddc)] Responding to client with driver.findElement() result: {"element-6066-11e4-a52e-4f735466cecf":"ca90e3ec-2972-4f90-9ce6-8f0663c2c9b7","ELEMENT":"ca90e3ec-2972-4f90-9ce6-8f0663c2c9b7"}
2021-08-17 10:11:37:295 [HTTP] <-- POST /wd/hub/session/d175eddc-1fbd-4d54-97fd-4a20bcc7d978/element 200 330 ms - 137
2021-08-17 10:11:37:295 [HTTP] 
2021-08-17 10:11:37:297 [HTTP] --> POST /wd/hub/session/d175eddc-1fbd-4d54-97fd-4a20bcc7d978/element/ca90e3ec-2972-4f90-9ce6-8f0663c2c9b7/click
2021-08-17 10:11:37:297 [HTTP] {"id":"ca90e3ec-2972-4f90-9ce6-8f0663c2c9b7"}
2021-08-17 10:11:37:298 [W3C (d175eddc)] Calling AppiumDriver.click() with args: ["ca90e3ec-2972-4f90-9ce6-8f0663c2c9b7","d175eddc-1fbd-4d54-97fd-4a20bcc7d978"]
2021-08-17 10:11:37:298 [WD Proxy] Matched '/element/ca90e3ec-2972-4f90-9ce6-8f0663c2c9b7/click' to command name 'click'
2021-08-17 10:11:37:298 [WD Proxy] Proxying [POST /element/ca90e3ec-2972-4f90-9ce6-8f0663c2c9b7/click] to [POST http://127.0.0.1:8202/wd/hub/session/28d88f9c-13f5-4bad-adcd-dff5a1ba309d/element/ca90e3ec-2972-4f90-9ce6-8f0663c2c9b7/click] with body: {"element":"ca90e3ec-2972-4f90-9ce6-8f0663c2c9b7"}
2021-08-17 10:11:37:340 [WD Proxy] Got response with status 200: {"sessionId":"28d88f9c-13f5-4bad-adcd-dff5a1ba309d","value":null}
2021-08-17 10:11:37:341 [W3C (d175eddc)] Responding to client with driver.click() result: null
2021-08-17 10:11:37:341 [HTTP] <-- POST /wd/hub/session/d175eddc-1fbd-4d54-97fd-4a20bcc7d978/element/ca90e3ec-2972-4f90-9ce6-8f0663c2c9b7/click 200 45 ms - 14
2021-08-17 10:11:37:341 [HTTP] 
2021-08-17 10:11:37:343 [Appium] Received SIGTERM - shutting down
2021-08-17 10:11:37:344 [Appium] Cleaning up 1 active session
2021-08-17 10:11:37:345 [Appium] Closing session, cause was 'The process has received SIGTERM signal'
2021-08-17 10:11:37:345 [Appium] Removing session 'd175eddc-1fbd-4d54-97fd-4a20bcc7d978' from our master session list
2021-08-17 10:11:37:345 [UiAutomator2] Deleting UiAutomator2 session
2021-08-17 10:11:37:346 [UiAutomator2] Deleting UiAutomator2 server session
2021-08-17 10:11:37:346 [WD Proxy] Matched '/' to command name 'deleteSession'
2021-08-17 10:11:37:346 [WD Proxy] Proxying [DELETE /] to [DELETE http://127.0.0.1:8202/wd/hub/session/28d88f9c-13f5-4bad-adcd-dff5a1ba309d] with no body
2021-08-17 10:11:37:360 [WD Proxy] Got response with status 200: {"sessionId":"28d88f9c-13f5-4bad-adcd-dff5a1ba309d","value":null}
2021-08-17 10:11:37:360 [ADB] Running '/Users/ashawami/Library/Android/sdk/platform-tools/adb -P 5037 -s emulator-5556 shell am force-stop com.androidsample.generalstore'
2021-08-17 10:11:37:481 [Instrumentation] .
2021-08-17 10:11:37:488 uncaughtException: write EPIPE
Error: write EPIPE
    at afterWriteDispatched (node:internal/stream_base_commons:160:15)
    at writeGeneric (node:internal/stream_base_commons:151:3)
    at Socket._writeGeneric (node:net:769:11)
    at Socket._write (node:net:781:8)
    at writeOrBuffer (node:internal/streams/writable:389:12)
    at _write (node:internal/streams/writable:330:10)
    at Socket.Writable.write (node:internal/streams/writable:334:10)
    at Console.log (/usr/local/lib/node_modules/appium/node_modules/winston/lib/winston/transports/console.js:79:23)
    at Console._write (/usr/local/lib/node_modules/appium/node_modules/winston-transport/index.js:103:17)
    at doWrite (/usr/local/lib/node_modules/appium/node_modules/winston-transport/node_modules/readable-stream/lib/_stream_writable.js:428:64)
    at writeOrBuffer (/usr/local/lib/node_modules/appium/node_modules/winston-transport/node_modules/readable-stream/lib/_stream_writable.js:417:5)
    at Console.Writable.write (/usr/local/lib/node_modules/appium/node_modules/winston-transport/node_modules/readable-stream/lib/_stream_writable.js:334:11)
    at DerivedLogger.ondata (/usr/local/lib/node_modules/appium/node_modules/readable-stream/lib/_stream_readable.js:681:20)
    at DerivedLogger.emit (node:events:377:35)
    at addChunk (/usr/local/lib/node_modules/appium/node_modules/readable-stream/lib/_stream_readable.js:298:12)
    at readableAddChunk (/usr/local/lib/node_modules/appium/node_modules/readable-stream/lib/_stream_readable.js:280:11)
