2021-08-17 10:11:25:705 [Appium] Welcome to Appium v1.21.0
2021-08-17 10:11:25:706 [Appium] Non-default server args:
2021-08-17 10:11:25:707 [Appium]   address: 127.0.0.1
2021-08-17 10:11:25:707 [Appium]   port: 5610
2021-08-17 10:11:25:707 [Appium]   logFile: ./logs/Pixel 4_appium.log
2021-08-17 10:11:25:732 [Appium] Appium REST http interface listener started on 127.0.0.1:5610
2021-08-17 10:11:26:016 [HTTP] --> HEAD /wd/hub/status
2021-08-17 10:11:26:017 [HTTP] {}
2021-08-17 10:11:26:018 [GENERIC] Calling AppiumDriver.getStatus() with args: []
2021-08-17 10:11:26:019 [GENERIC] Responding to client with driver.getStatus() result: {"build":{"version":"1.21.0"}}
2021-08-17 10:11:26:022 [HTTP] <-- HEAD /wd/hub/status 200 5 ms - 68
2021-08-17 10:11:26:022 [HTTP] 
2021-08-17 10:11:26:026 [HTTP] Request idempotency key: c7cd8af7-ce5b-46f1-8ddf-2aa41485c2a9
2021-08-17 10:11:26:036 [HTTP] --> POST /wd/hub/session
2021-08-17 10:11:26:036 [HTTP] {"capabilities":{"firstMatch":[{"appium:app":"app/General-Store.apk","platformName":"Android","appium:udid":"emulator-5554","appium:deviceName":"Pixel 4","appium:systemPort":8201}]},"desiredCapabilities":{"app":"app/General-Store.apk","platformName":"Android","udid":"emulator-5554","deviceName":"Pixel 4","systemPort":8201}}
2021-08-17 10:11:26:036 [W3C] Calling AppiumDriver.createSession() with args: [{"app":"app/General-Store.apk","platformName":"Android","udid":"emulator-5554","deviceName":"Pixel 4","systemPort":8201},null,{"firstMatch":[{"appium:app":"app/General-Store.apk","platformName":"Android","appium:udid":"emulator-5554","appium:deviceName":"Pixel 4","appium:systemPort":8201}]}]
2021-08-17 10:11:26:037 [BaseDriver] Event 'newSessionRequested' logged at 1629195086037 (15:41:26 GMT+0530 (India Standard Time))
2021-08-17 10:11:26:042 [Appium] 
2021-08-17 10:11:26:042 [Appium] ======================================================================
2021-08-17 10:11:26:042 [Appium]   DEPRECATION WARNING:
2021-08-17 10:11:26:042 [Appium] 
2021-08-17 10:11:26:042 [Appium]   The 'automationName' capability was not provided in the desired 
2021-08-17 10:11:26:042 [Appium]   capabilities for this Android session
2021-08-17 10:11:26:043 [Appium] 
2021-08-17 10:11:26:043 [Appium]   Setting 'automationName=UiAutomator2' by default and using the 
2021-08-17 10:11:26:043 [Appium]   UiAutomator2 Driver
2021-08-17 10:11:26:043 [Appium] 
2021-08-17 10:11:26:043 [Appium]   The next major version of Appium (2.x) will **require** the 
2021-08-17 10:11:26:043 [Appium]   'automationName' capability to be set for all sessions on all 
2021-08-17 10:11:26:043 [Appium]   platforms
2021-08-17 10:11:26:043 [Appium] 
2021-08-17 10:11:26:043 [Appium]   In previous versions (Appium <= 1.13.x), the default was 
2021-08-17 10:11:26:043 [Appium]   'automationName=UiAutomator1'
2021-08-17 10:11:26:043 [Appium] 
2021-08-17 10:11:26:043 [Appium]   If you wish to use that automation instead of UiAutomator2, please 
2021-08-17 10:11:26:044 [Appium]   add 'automationName=UiAutomator1' to your desired capabilities
2021-08-17 10:11:26:044 [Appium] 
2021-08-17 10:11:26:044 [Appium]   For more information about drivers, please visit 
2021-08-17 10:11:26:044 [Appium]   http://appium.io/docs/en/about-appium/intro/ and explore the 
2021-08-17 10:11:26:044 [Appium]   'Drivers' menu
2021-08-17 10:11:26:044 [Appium] 
2021-08-17 10:11:26:044 [Appium] ======================================================================
2021-08-17 10:11:26:044 [Appium] 
2021-08-17 10:11:26:193 [Appium] Appium v1.21.0 creating new AndroidUiautomator2Driver (v1.65.0) session
2021-08-17 10:11:26:195 [BaseDriver] W3C capabilities and MJSONWP desired capabilities were provided
2021-08-17 10:11:26:195 [BaseDriver] Creating session with W3C capabilities: {
2021-08-17 10:11:26:195 [BaseDriver]   "alwaysMatch": {
2021-08-17 10:11:26:195 [BaseDriver]     "platformName": "Android",
2021-08-17 10:11:26:195 [BaseDriver]     "appium:app": "app/General-Store.apk",
2021-08-17 10:11:26:195 [BaseDriver]     "appium:udid": "emulator-5554",
2021-08-17 10:11:26:195 [BaseDriver]     "appium:deviceName": "Pixel 4",
2021-08-17 10:11:26:196 [BaseDriver]     "appium:systemPort": 8201
2021-08-17 10:11:26:196 [BaseDriver]   },
2021-08-17 10:11:26:196 [BaseDriver]   "firstMatch": [
2021-08-17 10:11:26:196 [BaseDriver]     {}
2021-08-17 10:11:26:196 [BaseDriver]   ]
2021-08-17 10:11:26:196 [BaseDriver] }
2021-08-17 10:11:26:201 [BaseDriver] Session created with session id: 31ac5236-b5f4-4dd9-addf-bb77a950d157
2021-08-17 10:11:26:202 [BaseDriver] Using local app 'app/General-Store.apk'
2021-08-17 10:11:26:202 [BaseDriver] The current application path 'app/General-Store.apk' is not absolute and has been rewritten to '/Users/ashawami/PycharmProjects/Appium/app/General-Store.apk'. Consider using absolute paths rather than relative
2021-08-17 10:11:26:203 [UiAutomator2] Checking whether app is actually present
2021-08-17 10:11:26:207 [ADB] Found 1 'build-tools' folders under '/Users/ashawami/Library/Android/sdk' (newest first):
2021-08-17 10:11:26:208 [ADB]     /Users/ashawami/Library/Android/sdk/build-tools/31.0.0
2021-08-17 10:11:26:208 [ADB] Using 'adb' from '/Users/ashawami/Library/Android/sdk/platform-tools/adb'
2021-08-17 10:11:26:208 [ADB] Running '/Users/ashawami/Library/Android/sdk/platform-tools/adb -P 5037 start-server'
2021-08-17 10:11:26:218 [AndroidDriver] Retrieving device list
2021-08-17 10:11:26:219 [ADB] Trying to find a connected android device
2021-08-17 10:11:26:219 [ADB] Getting connected devices
2021-08-17 10:11:26:231 [ADB] Connected devices: [{"udid":"emulator-5554","state":"device"},{"udid":"emulator-5556","state":"device"}]
2021-08-17 10:11:26:232 [AndroidDriver] Using device: emulator-5554
2021-08-17 10:11:26:233 [ADB] Using 'adb' from '/Users/ashawami/Library/Android/sdk/platform-tools/adb'
2021-08-17 10:11:26:233 [ADB] Running '/Users/ashawami/Library/Android/sdk/platform-tools/adb -P 5037 start-server'
2021-08-17 10:11:26:242 [ADB] Setting device id to emulator-5554
2021-08-17 10:11:26:243 [ADB] Running '/Users/ashawami/Library/Android/sdk/platform-tools/adb -P 5037 -s emulator-5554 shell getprop ro.build.version.sdk'
2021-08-17 10:11:26:267 [ADB] Current device property 'ro.build.version.sdk': 30
2021-08-17 10:11:26:267 [ADB] Getting device platform version
2021-08-17 10:11:26:267 [ADB] Running '/Users/ashawami/Library/Android/sdk/platform-tools/adb -P 5037 -s emulator-5554 shell getprop ro.build.version.release'
2021-08-17 10:11:26:289 [ADB] Current device property 'ro.build.version.release': 11
2021-08-17 10:11:26:289 [ADB] Device API level: 30
2021-08-17 10:11:26:289 [UiAutomator2] Relaxing hidden api policy
2021-08-17 10:11:26:290 [ADB] Running '/Users/ashawami/Library/Android/sdk/platform-tools/adb -P 5037 -s emulator-5554 shell 'settings put global hidden_api_policy_pre_p_apps 1;settings put global hidden_api_policy_p_apps 1;settings put global hidden_api_policy 1''
2021-08-17 10:11:26:350 [AndroidDriver] Parsing package and activity from app manifest
2021-08-17 10:11:26:362 [ADB] Package name: 'com.androidsample.generalstore'
2021-08-17 10:11:26:362 [ADB] Main activity name: 'com.androidsample.generalstore.SplashActivity'
2021-08-17 10:11:26:362 [AndroidDriver] Parsed package and activity are: com.androidsample.generalstore/com.androidsample.generalstore.SplashActivity
2021-08-17 10:11:26:362 [ADB] Running '/Users/ashawami/Library/Android/sdk/platform-tools/adb -P 5037 -s emulator-5554 wait-for-device'
2021-08-17 10:11:26:373 [ADB] Running '/Users/ashawami/Library/Android/sdk/platform-tools/adb -P 5037 -s emulator-5554 shell echo ping'
2021-08-17 10:11:26:395 [AndroidDriver] Pushing settings apk to device...
2021-08-17 10:11:26:396 [ADB] Getting install status for io.appium.settings
2021-08-17 10:11:26:396 [ADB] Running '/Users/ashawami/Library/Android/sdk/platform-tools/adb -P 5037 -s emulator-5554 shell dumpsys package io.appium.settings'
2021-08-17 10:11:26:497 [ADB] 'io.appium.settings' is installed
2021-08-17 10:11:26:498 [ADB] Getting package info for 'io.appium.settings'
2021-08-17 10:11:26:498 [ADB] Running '/Users/ashawami/Library/Android/sdk/platform-tools/adb -P 5037 -s emulator-5554 shell dumpsys package io.appium.settings'
2021-08-17 10:11:26:526 [ADB] The version name of the installed 'io.appium.settings' is greater or equal to the application version name ('3.3.0' >= '3.3.0')
2021-08-17 10:11:26:527 [ADB] There is no need to install/upgrade '/usr/local/lib/node_modules/appium/node_modules/io.appium.settings/apks/settings_apk-debug.apk'
2021-08-17 10:11:26:527 [ADB] Getting IDs of all 'io.appium.settings' processes
2021-08-17 10:11:26:527 [ADB] Running '/Users/ashawami/Library/Android/sdk/platform-tools/adb -P 5037 -s emulator-5554 shell 'pgrep --help; echo $?''
2021-08-17 10:11:26:550 [ADB] Running '/Users/ashawami/Library/Android/sdk/platform-tools/adb -P 5037 -s emulator-5554 shell pgrep -f \(\[\[:blank:\]\]\|\^\)io\.appium\.settings\(\[\[:blank:\]\]\|\$\)'
2021-08-17 10:11:26:590 [AndroidDriver] io.appium.settings is already running. There is no need to reset its permissions.
2021-08-17 10:11:26:591 [Logcat] Starting logs capture with command: /Users/ashawami/Library/Android/sdk/platform-tools/adb -P 5037 -s emulator-5554 logcat -v threadtime
2021-08-17 10:11:26:611 [UiAutomator2] Forwarding UiAutomator2 Server port 6790 to local port 8201
2021-08-17 10:11:26:611 [ADB] Forwarding system: 8201 to device: 6790
2021-08-17 10:11:26:611 [ADB] Running '/Users/ashawami/Library/Android/sdk/platform-tools/adb -P 5037 -s emulator-5554 forward tcp:8201 tcp:6790'
2021-08-17 10:11:26:624 [ADB] Getting install status for io.appium.uiautomator2.server
2021-08-17 10:11:26:624 [ADB] Running '/Users/ashawami/Library/Android/sdk/platform-tools/adb -P 5037 -s emulator-5554 shell dumpsys package io.appium.uiautomator2.server'
2021-08-17 10:11:26:675 [ADB] 'io.appium.uiautomator2.server' is installed
2021-08-17 10:11:26:675 [ADB] Getting package info for 'io.appium.uiautomator2.server'
2021-08-17 10:11:26:675 [ADB] Running '/Users/ashawami/Library/Android/sdk/platform-tools/adb -P 5037 -s emulator-5554 shell dumpsys package io.appium.uiautomator2.server'
2021-08-17 10:11:26:723 [ADB] The version name of the installed 'io.appium.uiautomator2.server' is greater or equal to the application version name ('4.21.1' >= '4.21.1')
2021-08-17 10:11:26:723 [UiAutomator2] io.appium.uiautomator2.server installation state: sameVersionInstalled
2021-08-17 10:11:26:724 [ADB] Checking app cert for /usr/local/lib/node_modules/appium/node_modules/appium-uiautomator2-server/apks/appium-uiautomator2-server-v4.21.1.apk
2021-08-17 10:11:26:726 [ADB] Using 'apksigner.jar' from '/Users/ashawami/Library/Android/sdk/build-tools/31.0.0/lib/apksigner.jar'
2021-08-17 10:11:26:727 [ADB] Starting apksigner: /Users/ashawami/Library/Java/JavaVirtualMachines/adoptopenjdk-8.jdk/Contents/Home/bin/java -Xmx1024M -Xss1m -jar /Users/ashawami/Library/Android/sdk/build-tools/31.0.0/lib/apksigner.jar verify --print-certs /usr/local/lib/node_modules/appium/node_modules/appium-uiautomator2-server/apks/appium-uiautomator2-server-v4.21.1.apk
2021-08-17 10:11:27:362 [ADB] apksigner stdout: Signer #1 certificate DN: EMAILADDRESS=android@android.com, CN=Android, OU=Android, O=Android, L=Mountain View, ST=California, C=US
2021-08-17 10:11:27:362 [ADB] Signer #1 certificate SHA-256 digest: a40da80a59d170caa950cf15c18c454d47a39b26989d8b640ecd745ba71bf5dc
2021-08-17 10:11:27:362 [ADB] Signer #1 certificate SHA-1 digest: 61ed377e85d386a8dfee6b864bd85b0bfaa5af81
2021-08-17 10:11:27:362 [ADB] Signer #1 certificate MD5 digest: e89b158e4bcf988ebd09eb83f5378e87
2021-08-17 10:11:27:363 [ADB] 
2021-08-17 10:11:27:363 [ADB] sha256 hash did match for 'appium-uiautomator2-server-v4.21.1.apk'
2021-08-17 10:11:27:363 [ADB] '/usr/local/lib/node_modules/appium/node_modules/appium-uiautomator2-server/apks/appium-uiautomator2-server-v4.21.1.apk' is signed with the default certificate
2021-08-17 10:11:27:363 [ADB] Getting install status for io.appium.uiautomator2.server.test
2021-08-17 10:11:27:363 [ADB] Running '/Users/ashawami/Library/Android/sdk/platform-tools/adb -P 5037 -s emulator-5554 shell dumpsys package io.appium.uiautomator2.server.test'
2021-08-17 10:11:27:388 [ADB] 'io.appium.uiautomator2.server.test' is installed
2021-08-17 10:11:27:388 [ADB] Checking app cert for /usr/local/lib/node_modules/appium/node_modules/appium-uiautomator2-server/apks/appium-uiautomator2-server-debug-androidTest.apk
2021-08-17 10:11:27:388 [ADB] Starting apksigner: /Users/ashawami/Library/Java/JavaVirtualMachines/adoptopenjdk-8.jdk/Contents/Home/bin/java -Xmx1024M -Xss1m -jar /Users/ashawami/Library/Android/sdk/build-tools/31.0.0/lib/apksigner.jar verify --print-certs /usr/local/lib/node_modules/appium/node_modules/appium-uiautomator2-server/apks/appium-uiautomator2-server-debug-androidTest.apk
2021-08-17 10:11:27:699 [ADB] apksigner stdout: Signer #1 certificate DN: EMAILADDRESS=android@android.com, CN=Android, OU=Android, O=Android, L=Mountain View, ST=California, C=US
2021-08-17 10:11:27:699 [ADB] Signer #1 certificate SHA-256 digest: a40da80a59d170caa950cf15c18c454d47a39b26989d8b640ecd745ba71bf5dc
2021-08-17 10:11:27:700 [ADB] Signer #1 certificate SHA-1 digest: 61ed377e85d386a8dfee6b864bd85b0bfaa5af81
2021-08-17 10:11:27:700 [ADB] Signer #1 certificate MD5 digest: e89b158e4bcf988ebd09eb83f5378e87
2021-08-17 10:11:27:700 [ADB] 
2021-08-17 10:11:27:700 [ADB] sha256 hash did match for 'appium-uiautomator2-server-debug-androidTest.apk'
2021-08-17 10:11:27:700 [ADB] '/usr/local/lib/node_modules/appium/node_modules/appium-uiautomator2-server/apks/appium-uiautomator2-server-debug-androidTest.apk' is signed with the default certificate
2021-08-17 10:11:27:700 [UiAutomator2] Server packages are not going to be (re)installed
2021-08-17 10:11:27:702 [UiAutomator2] Waiting up to 30000ms for services to be available
2021-08-17 10:11:27:702 [ADB] Running '/Users/ashawami/Library/Android/sdk/platform-tools/adb -P 5037 -s emulator-5554 shell pm list instrumentation'
2021-08-17 10:11:27:734 [UiAutomator2] Instrumentation target 'io.appium.uiautomator2.server.test/androidx.test.runner.AndroidJUnitRunner' is available
2021-08-17 10:11:27:736 [ADB] Adding packages ["io.appium.settings","io.appium.uiautomator2.server","io.appium.uiautomator2.server.test"] to Doze whitelist
2021-08-17 10:11:27:736 [ADB] Got the following command chunks to execute: [["dumpsys","deviceidle","whitelist","+io.appium.settings",";","dumpsys","deviceidle","whitelist","+io.appium.uiautomator2.server",";","dumpsys","deviceidle","whitelist","+io.appium.uiautomator2.server.test",";"]]
2021-08-17 10:11:27:736 [ADB] Running '/Users/ashawami/Library/Android/sdk/platform-tools/adb -P 5037 -s emulator-5554 shell dumpsys deviceidle whitelist +io.appium.settings ; dumpsys deviceidle whitelist +io.appium.uiautomator2.server ; dumpsys deviceidle whitelist +io.appium.uiautomator2.server.test ;'
2021-08-17 10:11:27:784 [ADB] Checking app cert for /Users/ashawami/PycharmProjects/Appium/app/General-Store.apk
2021-08-17 10:11:27:785 [ADB] Starting apksigner: /Users/ashawami/Library/Java/JavaVirtualMachines/adoptopenjdk-8.jdk/Contents/Home/bin/java -Xmx1024M -Xss1m -jar /Users/ashawami/Library/Android/sdk/build-tools/31.0.0/lib/apksigner.jar verify --print-certs /Users/ashawami/PycharmProjects/Appium/app/General-Store.apk
2021-08-17 10:11:28:411 [ADB] apksigner stdout: Signer #1 certificate DN: EMAILADDRESS=android@android.com, CN=Android, OU=Android, O=Android, L=Mountain View, ST=California, C=US
2021-08-17 10:11:28:411 [ADB] Signer #1 certificate SHA-256 digest: a40da80a59d170caa950cf15c18c454d47a39b26989d8b640ecd745ba71bf5dc
2021-08-17 10:11:28:411 [ADB] Signer #1 certificate SHA-1 digest: 61ed377e85d386a8dfee6b864bd85b0bfaa5af81
2021-08-17 10:11:28:411 [ADB] Signer #1 certificate MD5 digest: e89b158e4bcf988ebd09eb83f5378e87
2021-08-17 10:11:28:411 [ADB] 
2021-08-17 10:11:28:411 [ADB] sha256 hash did match for 'General-Store.apk'
2021-08-17 10:11:28:411 [ADB] '/Users/ashawami/PycharmProjects/Appium/app/General-Store.apk' is signed with the default certificate
2021-08-17 10:11:28:412 [ADB] Getting install status for com.androidsample.generalstore
2021-08-17 10:11:28:412 [ADB] Running '/Users/ashawami/Library/Android/sdk/platform-tools/adb -P 5037 -s emulator-5554 shell dumpsys package com.androidsample.generalstore'
2021-08-17 10:11:28:438 [ADB] 'com.androidsample.generalstore' is installed
2021-08-17 10:11:28:439 [ADB] Getting package info for 'com.androidsample.generalstore'
2021-08-17 10:11:28:439 [ADB] Running '/Users/ashawami/Library/Android/sdk/platform-tools/adb -P 5037 -s emulator-5554 shell dumpsys package com.androidsample.generalstore'
2021-08-17 10:11:28:467 [ADB] The version name of the installed 'com.androidsample.generalstore' is greater or equal to the application version name ('1.0.0' >= '1.0.0')
2021-08-17 10:11:28:467 [ADB] There is no need to install/upgrade '/Users/ashawami/PycharmProjects/Appium/app/General-Store.apk'
2021-08-17 10:11:28:467 [AndroidDriver] Performing fast reset on 'com.androidsample.generalstore'
2021-08-17 10:11:28:467 [ADB] Getting install status for com.androidsample.generalstore
2021-08-17 10:11:28:468 [ADB] Running '/Users/ashawami/Library/Android/sdk/platform-tools/adb -P 5037 -s emulator-5554 shell dumpsys package com.androidsample.generalstore'
2021-08-17 10:11:28:491 [ADB] 'com.androidsample.generalstore' is installed
2021-08-17 10:11:28:491 [ADB] Running '/Users/ashawami/Library/Android/sdk/platform-tools/adb -P 5037 -s emulator-5554 shell am force-stop com.androidsample.generalstore'
2021-08-17 10:11:28:520 [ADB] Running '/Users/ashawami/Library/Android/sdk/platform-tools/adb -P 5037 -s emulator-5554 shell pm clear com.androidsample.generalstore'
2021-08-17 10:11:28:568 [AndroidDriver] Performed fast reset on the installed 'com.androidsample.generalstore' application (stop and clear)
2021-08-17 10:11:28:568 [UiAutomator2] Performing shallow cleanup of automation leftovers
2021-08-17 10:11:28:582 [UiAutomator2] No obsolete sessions have been detected (socket hang up)
2021-08-17 10:11:28:583 [ADB] Running '/Users/ashawami/Library/Android/sdk/platform-tools/adb -P 5037 -s emulator-5554 shell am force-stop io.appium.uiautomator2.server.test'
2021-08-17 10:11:28:653 [UiAutomator2] Starting UIAutomator2 server 4.21.1
2021-08-17 10:11:28:653 [UiAutomator2] Using UIAutomator2 server from '/usr/local/lib/node_modules/appium/node_modules/appium-uiautomator2-server/apks/appium-uiautomator2-server-v4.21.1.apk' and test from '/usr/local/lib/node_modules/appium/node_modules/appium-uiautomator2-server/apks/appium-uiautomator2-server-debug-androidTest.apk'
2021-08-17 10:11:28:653 [UiAutomator2] Waiting up to 30000ms for UiAutomator2 to be online...
2021-08-17 10:11:28:653 [ADB] Creating ADB subprocess with args: ["-P",5037,"-s","emulator-5554","shell","am","instrument","-w","-e","disableAnalytics",true,"io.appium.uiautomator2.server.test/androidx.test.runner.AndroidJUnitRunner"]
2021-08-17 10:11:28:661 [WD Proxy] Matched '/status' to command name 'getStatus'
2021-08-17 10:11:28:662 [WD Proxy] Proxying [GET /status] to [GET http://127.0.0.1:8201/wd/hub/status] with no body
2021-08-17 10:11:28:673 [WD Proxy] socket hang up
2021-08-17 10:11:29:221 [Instrumentation] io.appium.uiautomator2.server.test.AppiumUiAutomator2Server:
2021-08-17 10:11:29:679 [WD Proxy] Matched '/status' to command name 'getStatus'
2021-08-17 10:11:29:680 [WD Proxy] Proxying [GET /status] to [GET http://127.0.0.1:8201/wd/hub/status] with no body
2021-08-17 10:11:29:686 [WD Proxy] socket hang up
2021-08-17 10:11:30:692 [WD Proxy] Matched '/status' to command name 'getStatus'
2021-08-17 10:11:30:692 [WD Proxy] Proxying [GET /status] to [GET http://127.0.0.1:8201/wd/hub/status] with no body
2021-08-17 10:11:30:725 [WD Proxy] Got response with status 200: {"sessionId":"None","value":{"message":"UiAutomator2 Server is ready to accept commands","ready":true}}
2021-08-17 10:11:30:725 [UiAutomator2] The initialization of the instrumentation process took 2072ms
2021-08-17 10:11:30:726 [WD Proxy] Matched '/session' to command name 'createSession'
2021-08-17 10:11:30:726 [WD Proxy] Proxying [POST /session] to [POST http://127.0.0.1:8201/wd/hub/session] with body: {"capabilities":{"firstMatch":[{"platform":"LINUX","webStorageEnabled":false,"takesScreenshot":true,"javascriptEnabled":true,"databaseEnabled":false,"networkConnectionEnabled":true,"locationContextEnabled":false,"warnings":{},"desired":{"platformName":"Android","app":"app/General-Store.apk","udid":"emulator-5554","deviceName":"Pixel 4","systemPort":8201},"platformName":"Android","app":"app/General-Store.apk","udid":"emulator-5554","deviceName":"emulator-5554","systemPort":8201,"deviceUDID":"emulator-5554","appPackage":"com.androidsample.generalstore"}],"alwaysMatch":{}}}
2021-08-17 10:11:30:739 [WD Proxy] Got response with status 200: {"sessionId":"0a637a22-e2e5-4d39-8143-912a5c39a012","value":{"capabilities":{"firstMatch":[{"platform":"LINUX","webStorageEnabled":false,"takesScreenshot":true,"javascriptEnabled":true,"databaseEnabled":false,"networkConnectionEnabled":true,"locationContextEnabled":false,"warnings":{},"desired":{"platformName":"Android","app":"app/General-Store.apk","udid":"emulator-5554","deviceName":"Pixel 4","systemPort":8201},"platformName":"Android","app":"app/General-Store.apk","udid":"emulator-5554","deviceName":"emulator-5554","systemPort":8201,"deviceUDID":"emulator-5554","appPackage":"com.androidsample.generalstore"}],"alwaysMatch":{}},"sessionId":"0a637a22-e2e5-4d39-8143-912a5c39a012"}}
2021-08-17 10:11:30:739 [WD Proxy] Determined the downstream protocol as 'W3C'
2021-08-17 10:11:30:748 [WD Proxy] Proxying [GET /appium/device/info] to [GET http://127.0.0.1:8201/wd/hub/session/0a637a22-e2e5-4d39-8143-912a5c39a012/appium/device/info] with no body
2021-08-17 10:11:30:767 [WD Proxy] Got response with status 200: {"sessionId":"0a637a22-e2e5-4d39-8143-912a5c39a012","value":{"androidId":"cae3f08d19ccaeec","apiVersion":"30","bluetooth":{"state":"ON"},"brand":"google","carrierName":"Android","displayDensity":440,"locale":"en_US","manufacturer":"Google","model":"sdk_gphone_x86","networks":[{"capabilities":{"SSID":null,"linkDownBandwidthKbps":30000,"linkUpstreamBandwidthKbps":15000,"networkCapabilities":"NET_CAPABILITY_MMS,NET_CAPABILITY_SUPL,NET_CAPABILITY_DUN,NET_CAPABILITY_FOTA,NET_CAPABILITY_IMS,NET_CAPABILITY_CBS,NET_CAPABILITY_INTERNET,NET_CAPABILITY_NOT_RESTRICTED,NET_CAPABILITY_TRUSTED,NET_CAPABILITY_NOT_VPN,NET_CAPABILITY_VALIDATED,NET_CAPABILITY_NOT_ROAMING,NET_CAPABILITY_NOT_CONGESTED,NET_CAPABILITY_NOT_SUSPENDED","signalStrength":-2147483648,"transportTypes":"TRANSPORT_CELLULAR"},"detailedState":"CONNECTED","extraInfo":"epc.tmobile.com","isAvailable":true,"isConnected":true,"isFailover":false,"isRoaming":false,"state":"CONNECTED","subtype":13,"subtypeName":"LTE","type":0,"typeName":"MOBILE"},{"capabilities":{...
2021-08-17 10:11:30:768 [ADB] Running '/Users/ashawami/Library/Android/sdk/platform-tools/adb -P 5037 -s emulator-5554 shell dumpsys window'
2021-08-17 10:11:30:813 [AndroidDriver] Screen already unlocked, doing nothing
2021-08-17 10:11:30:813 [UiAutomator2] Starting 'com.androidsample.generalstore/com.androidsample.generalstore.SplashActivity and waiting for 'com.androidsample.generalstore/com.androidsample.generalstore.SplashActivity'
2021-08-17 10:11:30:814 [ADB] Running '/Users/ashawami/Library/Android/sdk/platform-tools/adb -P 5037 -s emulator-5554 shell am start -W -n com.androidsample.generalstore/com.androidsample.generalstore.SplashActivity -S -a android.intent.action.MAIN -c android.intent.category.LAUNCHER -f 0x10200000'
2021-08-17 10:11:31:419 [ADB] Waiting up to 20000ms for activity matching pkg: 'com.androidsample.generalstore' and activity: 'com.androidsample.generalstore.SplashActivity' to be focused
2021-08-17 10:11:31:419 [ADB] Possible activities, to be checked: 'com.androidsample.generalstore.SplashActivity', 'com.androidsample.generalstore.com.androidsample.generalstore.SplashActivity'
2021-08-17 10:11:31:419 [ADB] Getting focused package and activity
2021-08-17 10:11:31:419 [ADB] Running '/Users/ashawami/Library/Android/sdk/platform-tools/adb -P 5037 -s emulator-5554 shell dumpsys window displays'
2021-08-17 10:11:31:458 [ADB] Found package: 'com.androidsample.generalstore' and fully qualified activity name : 'com.androidsample.generalstore.SplashActivity'
2021-08-17 10:11:31:460 [WD Proxy] Proxying [GET /appium/device/pixel_ratio] to [GET http://127.0.0.1:8201/wd/hub/session/0a637a22-e2e5-4d39-8143-912a5c39a012/appium/device/pixel_ratio] with no body
2021-08-17 10:11:31:468 [WD Proxy] Got response with status 200: {"sessionId":"0a637a22-e2e5-4d39-8143-912a5c39a012","value":2.75}
2021-08-17 10:11:31:469 [WD Proxy] Matched '/appium/device/system_bars' to command name 'getSystemBars'
2021-08-17 10:11:31:469 [WD Proxy] Proxying [GET /appium/device/system_bars] to [GET http://127.0.0.1:8201/wd/hub/session/0a637a22-e2e5-4d39-8143-912a5c39a012/appium/device/system_bars] with no body
2021-08-17 10:11:31:474 [WD Proxy] Got response with status 200: {"sessionId":"0a637a22-e2e5-4d39-8143-912a5c39a012","value":{"statusBar":135}}
2021-08-17 10:11:31:474 [WD Proxy] Matched '/window/current/size' to command name 'getWindowSize'
2021-08-17 10:11:31:474 [WD Proxy] Proxying [GET /window/current/size] to [GET http://127.0.0.1:8201/wd/hub/session/0a637a22-e2e5-4d39-8143-912a5c39a012/window/current/size] with no body
2021-08-17 10:11:31:482 [WD Proxy] Got response with status 200: {"sessionId":"0a637a22-e2e5-4d39-8143-912a5c39a012","value":{"height":1977,"width":1080}}
2021-08-17 10:11:31:482 [Appium] New AndroidUiautomator2Driver session created successfully, session 31ac5236-b5f4-4dd9-addf-bb77a950d157 added to master session list
2021-08-17 10:11:31:483 [BaseDriver] Event 'newSessionStarted' logged at 1629195091483 (15:41:31 GMT+0530 (India Standard Time))
2021-08-17 10:11:31:483 [W3C (31ac5236)] Cached the protocol value 'W3C' for the new session 31ac5236-b5f4-4dd9-addf-bb77a950d157
2021-08-17 10:11:31:484 [W3C (31ac5236)] Responding to client with driver.createSession() result: {"capabilities":{"platform":"LINUX","webStorageEnabled":false,"takesScreenshot":true,"javascriptEnabled":true,"databaseEnabled":false,"networkConnectionEnabled":true,"locationContextEnabled":false,"warnings":{},"desired":{"platformName":"Android","app":"app/General-Store.apk","udid":"emulator-5554","deviceName":"Pixel 4","systemPort":8201},"platformName":"Android","app":"app/General-Store.apk","udid":"emulator-5554","deviceName":"emulator-5554","systemPort":8201,"deviceUDID":"emulator-5554","appPackage":"com.androidsample.generalstore","deviceApiLevel":30,"platformVersion":"11","deviceScreenSize":"1080x2280","deviceScreenDensity":440,"deviceModel":"sdk_gphone_x86","deviceManufacturer":"Google","pixelRatio":2.75,"statBarHeight":135,"viewportRect":{"left":0,"top":135,"width":1080,"height":1842}}}
2021-08-17 10:11:31:485 [HTTP] <-- POST /wd/hub/session 200 5448 ms - 866
2021-08-17 10:11:31:485 [HTTP] 
2021-08-17 10:11:31:487 [HTTP] --> POST /wd/hub/session/31ac5236-b5f4-4dd9-addf-bb77a950d157/timeouts
2021-08-17 10:11:31:487 [HTTP] {"implicit":10000}
2021-08-17 10:11:31:489 [W3C (31ac5236)] Calling AppiumDriver.timeouts() with args: [null,null,null,null,10000,"31ac5236-b5f4-4dd9-addf-bb77a950d157"]
2021-08-17 10:11:31:489 [BaseDriver] W3C timeout argument: {"implicit":10000}}
2021-08-17 10:11:31:489 [BaseDriver] Set implicit wait to 10000ms
2021-08-17 10:11:31:490 [W3C (31ac5236)] Responding to client with driver.timeouts() result: null
2021-08-17 10:11:31:490 [HTTP] <-- POST /wd/hub/session/31ac5236-b5f4-4dd9-addf-bb77a950d157/timeouts 200 3 ms - 14
2021-08-17 10:11:31:490 [HTTP] 
2021-08-17 10:11:31:493 [HTTP] --> POST /wd/hub/session/31ac5236-b5f4-4dd9-addf-bb77a950d157/element
2021-08-17 10:11:31:493 [HTTP] {"using":"id","value":"com.androidsample.generalstore:id/radioFemale"}
2021-08-17 10:11:31:495 [W3C (31ac5236)] Calling AppiumDriver.findElement() with args: ["id","com.androidsample.generalstore:id/radioFemale","31ac5236-b5f4-4dd9-addf-bb77a950d157"]
2021-08-17 10:11:31:495 [BaseDriver] Valid locator strategies for this request: xpath, id, class name, accessibility id, css selector, -android uiautomator
2021-08-17 10:11:31:496 [BaseDriver] Waiting up to 10000 ms for condition
2021-08-17 10:11:31:496 [WD Proxy] Matched '/element' to command name 'findElement'
2021-08-17 10:11:31:496 [WD Proxy] Proxying [POST /element] to [POST http://127.0.0.1:8201/wd/hub/session/0a637a22-e2e5-4d39-8143-912a5c39a012/element] with body: {"strategy":"id","selector":"com.androidsample.generalstore:id/radioFemale","context":"","multiple":false}
2021-08-17 10:11:32:298 [WD Proxy] Got response with status 404: {"sessionId":"0a637a22-e2e5-4d39-8143-912a5c39a012","value":{"error":"no such element","message":"An element could not be located on the page using the given search parameters","stacktrace":"io.appium.uiautomator2.common.exceptions.ElementNotFoundException: An element could not be located on the page using the given search parameters\n\tat io.appium.uiautomator2.handler.FindElement.safeHandle(FindElement.java:68)\n\tat io.appium.uiautomator2.handler.request.SafeRequestHandler.handle(SafeRequestHandler.java:41)\n\tat io.appium.uiautomator2.server.AppiumServlet.handleRequest(AppiumServlet.java:262)\n\tat io.appium.uiautomator2.server.AppiumServlet.handleHttpRequest(AppiumServlet.java:256)\n\tat io.appium.uiautomator2.http.ServerHandler.channelRead(ServerHandler.java:68)\n\tat io.netty.channel.AbstractChannelHandlerContext.invokeChannelRead(AbstractChannelHandlerContext.java:366)\n\tat io.netty.channel.AbstractChannelHandlerContext.invokeChannelRead(AbstractChannelHandlerContext.java:352)\n\tat io.netty.chann...
2021-08-17 10:11:32:298 [W3C] Matched W3C error code 'no such element' to NoSuchElementError
2021-08-17 10:11:32:299 [BaseDriver] Waited for 803 ms so far
2021-08-17 10:11:32:803 [WD Proxy] Matched '/element' to command name 'findElement'
2021-08-17 10:11:32:803 [WD Proxy] Proxying [POST /element] to [POST http://127.0.0.1:8201/wd/hub/session/0a637a22-e2e5-4d39-8143-912a5c39a012/element] with body: {"strategy":"id","selector":"com.androidsample.generalstore:id/radioFemale","context":"","multiple":false}
2021-08-17 10:11:32:817 [WD Proxy] Got response with status 404: {"sessionId":"0a637a22-e2e5-4d39-8143-912a5c39a012","value":{"error":"no such element","message":"An element could not be located on the page using the given search parameters","stacktrace":"io.appium.uiautomator2.common.exceptions.ElementNotFoundException: An element could not be located on the page using the given search parameters\n\tat io.appium.uiautomator2.handler.FindElement.safeHandle(FindElement.java:68)\n\tat io.appium.uiautomator2.handler.request.SafeRequestHandler.handle(SafeRequestHandler.java:41)\n\tat io.appium.uiautomator2.server.AppiumServlet.handleRequest(AppiumServlet.java:262)\n\tat io.appium.uiautomator2.server.AppiumServlet.handleHttpRequest(AppiumServlet.java:256)\n\tat io.appium.uiautomator2.http.ServerHandler.channelRead(ServerHandler.java:68)\n\tat io.netty.channel.AbstractChannelHandlerContext.invokeChannelRead(AbstractChannelHandlerContext.java:366)\n\tat io.netty.channel.AbstractChannelHandlerContext.invokeChannelRead(AbstractChannelHandlerContext.java:352)\n\tat io.netty.chann...
2021-08-17 10:11:32:817 [W3C] Matched W3C error code 'no such element' to NoSuchElementError
2021-08-17 10:11:32:817 [BaseDriver] Waited for 1321 ms so far
2021-08-17 10:11:33:317 [WD Proxy] Matched '/element' to command name 'findElement'
2021-08-17 10:11:33:317 [WD Proxy] Proxying [POST /element] to [POST http://127.0.0.1:8201/wd/hub/session/0a637a22-e2e5-4d39-8143-912a5c39a012/element] with body: {"strategy":"id","selector":"com.androidsample.generalstore:id/radioFemale","context":"","multiple":false}
2021-08-17 10:11:33:330 [WD Proxy] Got response with status 404: {"sessionId":"0a637a22-e2e5-4d39-8143-912a5c39a012","value":{"error":"no such element","message":"An element could not be located on the page using the given search parameters","stacktrace":"io.appium.uiautomator2.common.exceptions.ElementNotFoundException: An element could not be located on the page using the given search parameters\n\tat io.appium.uiautomator2.handler.FindElement.safeHandle(FindElement.java:68)\n\tat io.appium.uiautomator2.handler.request.SafeRequestHandler.handle(SafeRequestHandler.java:41)\n\tat io.appium.uiautomator2.server.AppiumServlet.handleRequest(AppiumServlet.java:262)\n\tat io.appium.uiautomator2.server.AppiumServlet.handleHttpRequest(AppiumServlet.java:256)\n\tat io.appium.uiautomator2.http.ServerHandler.channelRead(ServerHandler.java:68)\n\tat io.netty.channel.AbstractChannelHandlerContext.invokeChannelRead(AbstractChannelHandlerContext.java:366)\n\tat io.netty.channel.AbstractChannelHandlerContext.invokeChannelRead(AbstractChannelHandlerContext.java:352)\n\tat io.netty.chann...
2021-08-17 10:11:33:330 [W3C] Matched W3C error code 'no such element' to NoSuchElementError
2021-08-17 10:11:33:330 [BaseDriver] Waited for 1834 ms so far
2021-08-17 10:11:33:830 [WD Proxy] Matched '/element' to command name 'findElement'
2021-08-17 10:11:33:830 [WD Proxy] Proxying [POST /element] to [POST http://127.0.0.1:8201/wd/hub/session/0a637a22-e2e5-4d39-8143-912a5c39a012/element] with body: {"strategy":"id","selector":"com.androidsample.generalstore:id/radioFemale","context":"","multiple":false}
2021-08-17 10:11:33:849 [WD Proxy] Got response with status 404: {"sessionId":"0a637a22-e2e5-4d39-8143-912a5c39a012","value":{"error":"no such element","message":"An element could not be located on the page using the given search parameters","stacktrace":"io.appium.uiautomator2.common.exceptions.ElementNotFoundException: An element could not be located on the page using the given search parameters\n\tat io.appium.uiautomator2.handler.FindElement.safeHandle(FindElement.java:68)\n\tat io.appium.uiautomator2.handler.request.SafeRequestHandler.handle(SafeRequestHandler.java:41)\n\tat io.appium.uiautomator2.server.AppiumServlet.handleRequest(AppiumServlet.java:262)\n\tat io.appium.uiautomator2.server.AppiumServlet.handleHttpRequest(AppiumServlet.java:256)\n\tat io.appium.uiautomator2.http.ServerHandler.channelRead(ServerHandler.java:68)\n\tat io.netty.channel.AbstractChannelHandlerContext.invokeChannelRead(AbstractChannelHandlerContext.java:366)\n\tat io.netty.channel.AbstractChannelHandlerContext.invokeChannelRead(AbstractChannelHandlerContext.java:352)\n\tat io.netty.chann...
2021-08-17 10:11:33:850 [W3C] Matched W3C error code 'no such element' to NoSuchElementError
2021-08-17 10:11:33:850 [BaseDriver] Waited for 2354 ms so far
2021-08-17 10:11:34:355 [WD Proxy] Matched '/element' to command name 'findElement'
2021-08-17 10:11:34:355 [WD Proxy] Proxying [POST /element] to [POST http://127.0.0.1:8201/wd/hub/session/0a637a22-e2e5-4d39-8143-912a5c39a012/element] with body: {"strategy":"id","selector":"com.androidsample.generalstore:id/radioFemale","context":"","multiple":false}
2021-08-17 10:11:34:375 [WD Proxy] Got response with status 404: {"sessionId":"0a637a22-e2e5-4d39-8143-912a5c39a012","value":{"error":"no such element","message":"An element could not be located on the page using the given search parameters","stacktrace":"io.appium.uiautomator2.common.exceptions.ElementNotFoundException: An element could not be located on the page using the given search parameters\n\tat io.appium.uiautomator2.handler.FindElement.safeHandle(FindElement.java:68)\n\tat io.appium.uiautomator2.handler.request.SafeRequestHandler.handle(SafeRequestHandler.java:41)\n\tat io.appium.uiautomator2.server.AppiumServlet.handleRequest(AppiumServlet.java:262)\n\tat io.appium.uiautomator2.server.AppiumServlet.handleHttpRequest(AppiumServlet.java:256)\n\tat io.appium.uiautomator2.http.ServerHandler.channelRead(ServerHandler.java:68)\n\tat io.netty.channel.AbstractChannelHandlerContext.invokeChannelRead(AbstractChannelHandlerContext.java:366)\n\tat io.netty.channel.AbstractChannelHandlerContext.invokeChannelRead(AbstractChannelHandlerContext.java:352)\n\tat io.netty.chann...
2021-08-17 10:11:34:376 [W3C] Matched W3C error code 'no such element' to NoSuchElementError
2021-08-17 10:11:34:376 [BaseDriver] Waited for 2880 ms so far
2021-08-17 10:11:34:881 [WD Proxy] Matched '/element' to command name 'findElement'
2021-08-17 10:11:34:881 [WD Proxy] Proxying [POST /element] to [POST http://127.0.0.1:8201/wd/hub/session/0a637a22-e2e5-4d39-8143-912a5c39a012/element] with body: {"strategy":"id","selector":"com.androidsample.generalstore:id/radioFemale","context":"","multiple":false}
2021-08-17 10:11:35:098 [WD Proxy] Got response with status 200: {"sessionId":"0a637a22-e2e5-4d39-8143-912a5c39a012","value":{"ELEMENT":"d5cf11e9-1bc7-4de2-aeba-b452ea0be770","element-6066-11e4-a52e-4f735466cecf":"d5cf11e9-1bc7-4de2-aeba-b452ea0be770"}}
2021-08-17 10:11:35:098 [W3C (31ac5236)] Responding to client with driver.findElement() result: {"element-6066-11e4-a52e-4f735466cecf":"d5cf11e9-1bc7-4de2-aeba-b452ea0be770","ELEMENT":"d5cf11e9-1bc7-4de2-aeba-b452ea0be770"}
2021-08-17 10:11:35:099 [HTTP] <-- POST /wd/hub/session/31ac5236-b5f4-4dd9-addf-bb77a950d157/element 200 3606 ms - 137
2021-08-17 10:11:35:099 [HTTP] 
2021-08-17 10:11:35:101 [HTTP] --> POST /wd/hub/session/31ac5236-b5f4-4dd9-addf-bb77a950d157/element/d5cf11e9-1bc7-4de2-aeba-b452ea0be770/click
2021-08-17 10:11:35:102 [HTTP] {"id":"d5cf11e9-1bc7-4de2-aeba-b452ea0be770"}
2021-08-17 10:11:35:104 [W3C (31ac5236)] Calling AppiumDriver.click() with args: ["d5cf11e9-1bc7-4de2-aeba-b452ea0be770","31ac5236-b5f4-4dd9-addf-bb77a950d157"]
2021-08-17 10:11:35:105 [WD Proxy] Matched '/element/d5cf11e9-1bc7-4de2-aeba-b452ea0be770/click' to command name 'click'
2021-08-17 10:11:35:105 [WD Proxy] Proxying [POST /element/d5cf11e9-1bc7-4de2-aeba-b452ea0be770/click] to [POST http://127.0.0.1:8201/wd/hub/session/0a637a22-e2e5-4d39-8143-912a5c39a012/element/d5cf11e9-1bc7-4de2-aeba-b452ea0be770/click] with body: {"element":"d5cf11e9-1bc7-4de2-aeba-b452ea0be770"}
2021-08-17 10:11:35:240 [WD Proxy] Got response with status 200: {"sessionId":"0a637a22-e2e5-4d39-8143-912a5c39a012","value":null}
2021-08-17 10:11:35:240 [W3C (31ac5236)] Responding to client with driver.click() result: null
2021-08-17 10:11:35:241 [HTTP] <-- POST /wd/hub/session/31ac5236-b5f4-4dd9-addf-bb77a950d157/element/d5cf11e9-1bc7-4de2-aeba-b452ea0be770/click 200 139 ms - 14
2021-08-17 10:11:35:241 [HTTP] 
2021-08-17 10:11:35:242 [HTTP] --> POST /wd/hub/session/31ac5236-b5f4-4dd9-addf-bb77a950d157/element
2021-08-17 10:11:35:243 [HTTP] {"using":"id","value":"com.androidsample.generalstore:id/nameField"}
2021-08-17 10:11:35:243 [W3C (31ac5236)] Calling AppiumDriver.findElement() with args: ["id","com.androidsample.generalstore:id/nameField","31ac5236-b5f4-4dd9-addf-bb77a950d157"]
2021-08-17 10:11:35:243 [BaseDriver] Valid locator strategies for this request: xpath, id, class name, accessibility id, css selector, -android uiautomator
2021-08-17 10:11:35:243 [BaseDriver] Waiting up to 10000 ms for condition
2021-08-17 10:11:35:244 [WD Proxy] Matched '/element' to command name 'findElement'
2021-08-17 10:11:35:244 [WD Proxy] Proxying [POST /element] to [POST http://127.0.0.1:8201/wd/hub/session/0a637a22-e2e5-4d39-8143-912a5c39a012/element] with body: {"strategy":"id","selector":"com.androidsample.generalstore:id/nameField","context":"","multiple":false}
2021-08-17 10:11:35:284 [WD Proxy] Got response with status 200: {"sessionId":"0a637a22-e2e5-4d39-8143-912a5c39a012","value":{"ELEMENT":"3ad749f8-299d-41d2-885c-8130f76198e0","element-6066-11e4-a52e-4f735466cecf":"3ad749f8-299d-41d2-885c-8130f76198e0"}}
2021-08-17 10:11:35:285 [W3C (31ac5236)] Responding to client with driver.findElement() result: {"element-6066-11e4-a52e-4f735466cecf":"3ad749f8-299d-41d2-885c-8130f76198e0","ELEMENT":"3ad749f8-299d-41d2-885c-8130f76198e0"}
2021-08-17 10:11:35:285 [HTTP] <-- POST /wd/hub/session/31ac5236-b5f4-4dd9-addf-bb77a950d157/element 200 42 ms - 137
2021-08-17 10:11:35:285 [HTTP] 
2021-08-17 10:11:35:287 [HTTP] --> POST /wd/hub/session/31ac5236-b5f4-4dd9-addf-bb77a950d157/element/3ad749f8-299d-41d2-885c-8130f76198e0/value
2021-08-17 10:11:35:287 [HTTP] {"text":"alexa","value":["a","l","e","x","a"],"id":"3ad749f8-299d-41d2-885c-8130f76198e0"}
2021-08-17 10:11:35:287 [W3C (31ac5236)] Calling AppiumDriver.setValue() with args: [["a","l","e","x","a"],"3ad749f8-299d-41d2-885c-8130f76198e0","31ac5236-b5f4-4dd9-addf-bb77a950d157"]
2021-08-17 10:11:35:288 [WD Proxy] Matched '/element/3ad749f8-299d-41d2-885c-8130f76198e0/value' to command name 'setValue'
2021-08-17 10:11:35:289 [Protocol Converter] Added 'value' property ["a","l","e","x","a"] to 'setValue' request body
2021-08-17 10:11:35:289 [WD Proxy] Proxying [POST /element/3ad749f8-299d-41d2-885c-8130f76198e0/value] to [POST http://127.0.0.1:8201/wd/hub/session/0a637a22-e2e5-4d39-8143-912a5c39a012/element/3ad749f8-299d-41d2-885c-8130f76198e0/value] with body: {"elementId":"3ad749f8-299d-41d2-885c-8130f76198e0","text":"alexa","replace":false,"value":["a","l","e","x","a"]}
2021-08-17 10:11:36:429 [WD Proxy] Got response with status 200: {"sessionId":"0a637a22-e2e5-4d39-8143-912a5c39a012","value":null}
2021-08-17 10:11:36:429 [W3C (31ac5236)] Responding to client with driver.setValue() result: null
2021-08-17 10:11:36:430 [HTTP] <-- POST /wd/hub/session/31ac5236-b5f4-4dd9-addf-bb77a950d157/element/3ad749f8-299d-41d2-885c-8130f76198e0/value 200 1143 ms - 14
2021-08-17 10:11:36:430 [HTTP] 
2021-08-17 10:11:36:431 [HTTP] --> POST /wd/hub/session/31ac5236-b5f4-4dd9-addf-bb77a950d157/appium/device/hide_keyboard
2021-08-17 10:11:36:432 [HTTP] {"strategy":"tapOutside"}
2021-08-17 10:11:36:435 [W3C (31ac5236)] Calling AppiumDriver.hideKeyboard() with args: ["tapOutside",null,null,null,"31ac5236-b5f4-4dd9-addf-bb77a950d157"]
2021-08-17 10:11:36:436 [ADB] Running '/Users/ashawami/Library/Android/sdk/platform-tools/adb -P 5037 -s emulator-5554 shell dumpsys input_method'
2021-08-17 10:11:36:603 [AndroidDriver] Keyboard has no UI; no closing necessary
2021-08-17 10:11:36:604 [W3C (31ac5236)] Responding to client with driver.hideKeyboard() result: null
2021-08-17 10:11:36:605 [HTTP] <-- POST /wd/hub/session/31ac5236-b5f4-4dd9-addf-bb77a950d157/appium/device/hide_keyboard 200 173 ms - 14
2021-08-17 10:11:36:605 [HTTP] 
2021-08-17 10:11:36:606 [HTTP] --> POST /wd/hub/session/31ac5236-b5f4-4dd9-addf-bb77a950d157/element
2021-08-17 10:11:36:606 [HTTP] {"using":"id","value":"com.androidsample.generalstore:id/btnLetsShop"}
2021-08-17 10:11:36:606 [W3C (31ac5236)] Calling AppiumDriver.findElement() with args: ["id","com.androidsample.generalstore:id/btnLetsShop","31ac5236-b5f4-4dd9-addf-bb77a950d157"]
2021-08-17 10:11:36:607 [BaseDriver] Valid locator strategies for this request: xpath, id, class name, accessibility id, css selector, -android uiautomator
2021-08-17 10:11:36:607 [BaseDriver] Waiting up to 10000 ms for condition
2021-08-17 10:11:36:607 [WD Proxy] Matched '/element' to command name 'findElement'
2021-08-17 10:11:36:607 [WD Proxy] Proxying [POST /element] to [POST http://127.0.0.1:8201/wd/hub/session/0a637a22-e2e5-4d39-8143-912a5c39a012/element] with body: {"strategy":"id","selector":"com.androidsample.generalstore:id/btnLetsShop","context":"","multiple":false}
2021-08-17 10:11:36:937 [WD Proxy] Got response with status 200: {"sessionId":"0a637a22-e2e5-4d39-8143-912a5c39a012","value":{"ELEMENT":"dcf85771-7f5b-478b-9eb4-309efefba5c2","element-6066-11e4-a52e-4f735466cecf":"dcf85771-7f5b-478b-9eb4-309efefba5c2"}}
2021-08-17 10:11:36:938 [W3C (31ac5236)] Responding to client with driver.findElement() result: {"element-6066-11e4-a52e-4f735466cecf":"dcf85771-7f5b-478b-9eb4-309efefba5c2","ELEMENT":"dcf85771-7f5b-478b-9eb4-309efefba5c2"}
2021-08-17 10:11:36:938 [HTTP] <-- POST /wd/hub/session/31ac5236-b5f4-4dd9-addf-bb77a950d157/element 200 332 ms - 137
2021-08-17 10:11:36:938 [HTTP] 
2021-08-17 10:11:36:939 [HTTP] --> POST /wd/hub/session/31ac5236-b5f4-4dd9-addf-bb77a950d157/element/dcf85771-7f5b-478b-9eb4-309efefba5c2/click
2021-08-17 10:11:36:940 [HTTP] {"id":"dcf85771-7f5b-478b-9eb4-309efefba5c2"}
2021-08-17 10:11:36:940 [W3C (31ac5236)] Calling AppiumDriver.click() with args: ["dcf85771-7f5b-478b-9eb4-309efefba5c2","31ac5236-b5f4-4dd9-addf-bb77a950d157"]
2021-08-17 10:11:36:940 [WD Proxy] Matched '/element/dcf85771-7f5b-478b-9eb4-309efefba5c2/click' to command name 'click'
2021-08-17 10:11:36:940 [WD Proxy] Proxying [POST /element/dcf85771-7f5b-478b-9eb4-309efefba5c2/click] to [POST http://127.0.0.1:8201/wd/hub/session/0a637a22-e2e5-4d39-8143-912a5c39a012/element/dcf85771-7f5b-478b-9eb4-309efefba5c2/click] with body: {"element":"dcf85771-7f5b-478b-9eb4-309efefba5c2"}
2021-08-17 10:11:36:973 [WD Proxy] Got response with status 200: {"sessionId":"0a637a22-e2e5-4d39-8143-912a5c39a012","value":null}
2021-08-17 10:11:36:973 [W3C (31ac5236)] Responding to client with driver.click() result: null
2021-08-17 10:11:36:974 [HTTP] <-- POST /wd/hub/session/31ac5236-b5f4-4dd9-addf-bb77a950d157/element/dcf85771-7f5b-478b-9eb4-309efefba5c2/click 200 34 ms - 14
2021-08-17 10:11:36:974 [HTTP] 
2021-08-17 10:11:36:976 [Appium] Received SIGTERM - shutting down
2021-08-17 10:11:36:978 [Appium] Cleaning up 1 active session
2021-08-17 10:11:36:978 [Appium] Closing session, cause was 'The process has received SIGTERM signal'
2021-08-17 10:11:36:978 [Appium] Removing session '31ac5236-b5f4-4dd9-addf-bb77a950d157' from our master session list
2021-08-17 10:11:36:978 [UiAutomator2] Deleting UiAutomator2 session
2021-08-17 10:11:36:979 [UiAutomator2] Deleting UiAutomator2 server session
2021-08-17 10:11:36:979 [WD Proxy] Matched '/' to command name 'deleteSession'
2021-08-17 10:11:36:979 [WD Proxy] Proxying [DELETE /] to [DELETE http://127.0.0.1:8201/wd/hub/session/0a637a22-e2e5-4d39-8143-912a5c39a012] with no body
2021-08-17 10:11:36:989 [WD Proxy] Got response with status 200: {"sessionId":"0a637a22-e2e5-4d39-8143-912a5c39a012","value":null}
2021-08-17 10:11:36:990 [ADB] Running '/Users/ashawami/Library/Android/sdk/platform-tools/adb -P 5037 -s emulator-5554 shell am force-stop com.androidsample.generalstore'
2021-08-17 10:11:37:070 [Logcat] Stopping logcat capture
2021-08-17 10:11:37:072 [ADB] Removing forwarded port socket connection: 8201 
2021-08-17 10:11:37:072 [ADB] Running '/Users/ashawami/Library/Android/sdk/platform-tools/adb -P 5037 -s emulator-5554 forward --remove tcp:8201'
2021-08-17 10:11:37:084 [UiAutomator2] Restoring hidden api policy to the device default configuration
2021-08-17 10:11:37:084 [ADB] Running '/Users/ashawami/Library/Android/sdk/platform-tools/adb -P 5037 -s emulator-5554 shell 'settings delete global hidden_api_policy_pre_p_apps;settings delete global hidden_api_policy_p_apps;settings delete global hidden_api_policy''
